{"F:\\workspace\\wwForm\\lib\\SchemaForm.tsx": {"path":"F:\\workspace\\wwForm\\lib\\SchemaForm.tsx","statementMap":{"0":{"start":{"line":1,"column":0},"end":{"line":1,"column":null}},"1":{"start":{"line":3,"column":0},"end":{"line":3,"column":null}},"2":{"start":{"line":5,"column":0},"end":{"line":5,"column":null}},"3":{"start":{"line":7,"column":15},"end":{"line":7,"column":31}},"4":{"start":{"line":23,"column":26},"end":{"line":25,"column":null}},"5":{"start":{"line":24,"column":6},"end":{"line":24,"column":11}},"6":{"start":{"line":27,"column":25},"end":{"line":27,"column":null}},"7":{"start":{"line":31,"column":4},"end":{"line":31,"column":12}},"8":{"start":{"line":33,"column":4},"end":{"line":33,"column":11}},"9":{"start":{"line":34,"column":32},"end":{"line":34,"column":null}},"10":{"start":{"line":36,"column":6},"end":{"line":36,"column":null}}},"fnMap":{"0":{"name":"(anonymous_0)","decl":{"start":{"line":22,"column":2},"end":{"line":22,"column":7}},"loc":{"start":{"line":22,"column":13},"end":{"line":45,"column":null}}},"1":{"name":"(anonymous_1)","decl":{"start":{"line":23,"column":26},"end":{"line":23,"column":36}},"loc":{"start":{"line":23,"column":36},"end":{"line":25,"column":null}}},"2":{"name":"(anonymous_2)","decl":{"start":{"line":33,"column":11},"end":{"line":33,"column":16}},"loc":{"start":{"line":33,"column":16},"end":{"line":44,"column":null}}}},"branchMap":{},"s":{"0":2,"1":2,"2":2,"3":2,"4":4,"5":5,"6":4,"7":4,"8":4,"9":4,"10":4},"f":{"0":4,"1":5,"2":4},"b":{}}
,"F:\\workspace\\wwForm\\lib\\SchemaItem.tsx": {"path":"F:\\workspace\\wwForm\\lib\\SchemaItem.tsx","statementMap":{"0":{"start":{"line":1,"column":0},"end":{"line":1,"column":null}},"1":{"start":{"line":3,"column":0},"end":{"line":3,"column":null}},"2":{"start":{"line":4,"column":0},"end":{"line":4,"column":null}},"3":{"start":{"line":5,"column":0},"end":{"line":5,"column":null}},"4":{"start":{"line":6,"column":0},"end":{"line":6,"column":null}},"5":{"start":{"line":7,"column":0},"end":{"line":7,"column":null}},"6":{"start":{"line":8,"column":0},"end":{"line":8,"column":null}},"7":{"start":{"line":10,"column":15},"end":{"line":10,"column":31}},"8":{"start":{"line":14,"column":31},"end":{"line":14,"column":40}},"9":{"start":{"line":15,"column":44},"end":{"line":15,"column":null}},"10":{"start":{"line":17,"column":6},"end":{"line":17,"column":13}},"11":{"start":{"line":20,"column":4},"end":{"line":20,"column":11}},"12":{"start":{"line":21,"column":25},"end":{"line":21,"column":null}},"13":{"start":{"line":23,"column":30},"end":{"line":23,"column":null}},"14":{"start":{"line":27,"column":6},"end":{"line":27,"column":14}},"15":{"start":{"line":29,"column":10},"end":{"line":29,"column":19}},"16":{"start":{"line":30,"column":10},"end":{"line":30,"column":null}},"17":{"start":{"line":33,"column":10},"end":{"line":33,"column":19}},"18":{"start":{"line":34,"column":10},"end":{"line":34,"column":null}},"19":{"start":{"line":37,"column":10},"end":{"line":37,"column":19}},"20":{"start":{"line":38,"column":10},"end":{"line":38,"column":null}},"21":{"start":{"line":41,"column":10},"end":{"line":41,"column":19}},"22":{"start":{"line":42,"column":10},"end":{"line":42,"column":null}},"23":{"start":{"line":45,"column":10},"end":{"line":45,"column":17}},"24":{"start":{"line":46,"column":10},"end":{"line":46,"column":null}},"25":{"start":{"line":49,"column":6},"end":{"line":49,"column":28}}},"fnMap":{"0":{"name":"(anonymous_0)","decl":{"start":{"line":13,"column":2},"end":{"line":13,"column":7}},"loc":{"start":{"line":13,"column":13},"end":{"line":51,"column":null}}},"1":{"name":"(anonymous_1)","decl":{"start":{"line":14,"column":40},"end":{"line":14,"column":45}},"loc":{"start":{"line":14,"column":45},"end":{"line":18,"column":null}}},"2":{"name":"(anonymous_2)","decl":{"start":{"line":20,"column":11},"end":{"line":20,"column":16}},"loc":{"start":{"line":20,"column":16},"end":{"line":50,"column":null}}}},"branchMap":{"0":{"loc":{"start":{"line":28,"column":8},"end":{"line":30,"column":null}},"type":"switch","locations":[{"start":{"line":28,"column":8},"end":{"line":30,"column":null}},{"start":{"line":32,"column":8},"end":{"line":34,"column":null}},{"start":{"line":36,"column":8},"end":{"line":38,"column":null}},{"start":{"line":40,"column":8},"end":{"line":42,"column":null}},{"start":{"line":44,"column":8},"end":{"line":46,"column":null}}]}},"s":{"0":2,"1":2,"2":2,"3":2,"4":2,"5":2,"6":2,"7":2,"8":10,"9":10,"10":10,"11":10,"12":10,"13":10,"14":10,"15":3,"16":3,"17":4,"18":4,"19":3,"20":3,"21":0,"22":0,"23":0,"24":0,"25":10},"f":{"0":10,"1":10,"2":10},"b":{"0":[3,4,3,0,0]}}
,"F:\\workspace\\wwForm\\lib\\context.ts": {"path":"F:\\workspace\\wwForm\\lib\\context.ts","statementMap":{"0":{"start":{"line":1,"column":0},"end":{"line":1,"column":null}},"1":{"start":{"line":5,"column":36},"end":{"line":5,"column":null}},"2":{"start":{"line":7,"column":26},"end":{"line":16,"column":null}},"3":{"start":{"line":9,"column":4},"end":{"line":9,"column":11}},"4":{"start":{"line":11,"column":2},"end":{"line":13,"column":null}},"5":{"start":{"line":12,"column":4},"end":{"line":12,"column":10}},"6":{"start":{"line":15,"column":2},"end":{"line":15,"column":9}}},"fnMap":{"0":{"name":"(anonymous_0)","decl":{"start":{"line":7,"column":26},"end":{"line":7,"column":31}},"loc":{"start":{"line":7,"column":31},"end":{"line":16,"column":null}}}},"branchMap":{"0":{"loc":{"start":{"line":11,"column":2},"end":{"line":13,"column":null}},"type":"if","locations":[{"start":{"line":11,"column":2},"end":{"line":13,"column":null}},{"start":{"line":11,"column":2},"end":{"line":13,"column":null}}]}},"s":{"0":2,"1":2,"2":2,"3":3,"4":3,"5":0,"6":3},"f":{"0":3},"b":{"0":[0,3]}}
,"F:\\workspace\\wwForm\\lib\\index.ts": {"path":"F:\\workspace\\wwForm\\lib\\index.ts","statementMap":{"0":{"start":{"line":1,"column":0},"end":{"line":1,"column":null}},"1":{"start":{"line":2,"column":0},"end":{"line":2,"column":null}},"2":{"start":{"line":3,"column":0},"end":{"line":3,"column":null}},"3":{"start":{"line":5,"column":15},"end":{"line":5,"column":null}}},"fnMap":{},"branchMap":{},"s":{"0":2,"1":2,"2":2,"3":2},"f":{},"b":{}}
,"F:\\workspace\\wwForm\\lib\\types.ts": {"path":"F:\\workspace\\wwForm\\lib\\types.ts","statementMap":{"0":{"start":{"line":1,"column":0},"end":{"line":1,"column":null}},"1":{"start":{"line":2,"column":0},"end":{"line":2,"column":12}},"2":{"start":{"line":3,"column":2},"end":{"line":3,"column":null}},"3":{"start":{"line":4,"column":2},"end":{"line":4,"column":null}},"4":{"start":{"line":5,"column":2},"end":{"line":5,"column":null}},"5":{"start":{"line":6,"column":2},"end":{"line":6,"column":null}},"6":{"start":{"line":7,"column":2},"end":{"line":7,"column":null}},"7":{"start":{"line":8,"column":2},"end":{"line":8,"column":null}},"8":{"start":{"line":50,"column":26},"end":{"line":50,"column":null}},"9":{"start":{"line":69,"column":35},"end":{"line":69,"column":51}}},"fnMap":{"0":{"name":"(anonymous_0)","decl":{"start":{"line":2,"column":0},"end":{"line":2,"column":12}},"loc":{"start":{"line":2,"column":23},"end":{"line":9,"column":null}}}},"branchMap":{"0":{"loc":{"start":{"line":2,"column":12},"end":{"line":2,"column":23}},"type":"binary-expr","locations":[{"start":{"line":2,"column":12},"end":{"line":2,"column":23}},{"start":{"line":2,"column":23},"end":{"line":2,"column":null}}]}},"s":{"0":2,"1":2,"2":2,"3":2,"4":2,"5":2,"6":2,"7":2,"8":2,"9":2},"f":{"0":2},"b":{"0":[2,2]}}
,"F:\\workspace\\wwForm\\lib\\utils.ts": {"path":"F:\\workspace\\wwForm\\lib\\utils.ts","statementMap":{"0":{"start":{"line":1,"column":0},"end":{"line":1,"column":null}},"1":{"start":{"line":5,"column":0},"end":{"line":5,"column":null}},"2":{"start":{"line":6,"column":0},"end":{"line":6,"column":null}},"3":{"start":{"line":7,"column":0},"end":{"line":7,"column":null}},"4":{"start":{"line":10,"column":2},"end":{"line":10,"column":9}},"5":{"start":{"line":14,"column":2},"end":{"line":14,"column":9}},"6":{"start":{"line":22,"column":2},"end":{"line":22,"column":9}},"7":{"start":{"line":29,"column":24},"end":{"line":29,"column":28}},"8":{"start":{"line":31,"column":16},"end":{"line":31,"column":31}},"9":{"start":{"line":32,"column":2},"end":{"line":32,"column":9}},"10":{"start":{"line":41,"column":2},"end":{"line":56,"column":null}},"11":{"start":{"line":42,"column":4},"end":{"line":42,"column":11}},"12":{"start":{"line":43,"column":9},"end":{"line":56,"column":null}},"13":{"start":{"line":44,"column":27},"end":{"line":44,"column":47}},"14":{"start":{"line":45,"column":4},"end":{"line":45,"column":11}},"15":{"start":{"line":46,"column":9},"end":{"line":56,"column":null}},"16":{"start":{"line":47,"column":4},"end":{"line":47,"column":11}},"17":{"start":{"line":50,"column":8},"end":{"line":50,"column":23}},"18":{"start":{"line":55,"column":4},"end":{"line":55,"column":11}},"19":{"start":{"line":64,"column":2},"end":{"line":66,"column":null}},"20":{"start":{"line":65,"column":4},"end":{"line":65,"column":11}},"21":{"start":{"line":67,"column":23},"end":{"line":67,"column":37}},"22":{"start":{"line":70,"column":2},"end":{"line":82,"column":null}},"23":{"start":{"line":71,"column":4},"end":{"line":81,"column":null}},"24":{"start":{"line":72,"column":6},"end":{"line":72,"column":20}},"25":{"start":{"line":78,"column":6},"end":{"line":78,"column":13}},"26":{"start":{"line":79,"column":55},"end":{"line":79,"column":null}},"27":{"start":{"line":80,"column":6},"end":{"line":80,"column":13}},"28":{"start":{"line":84,"column":4},"end":{"line":85,"column":null}},"29":{"start":{"line":86,"column":2},"end":{"line":93,"column":null}},"30":{"start":{"line":88,"column":4},"end":{"line":88,"column":11}},"31":{"start":{"line":94,"column":2},"end":{"line":94,"column":9}},"32":{"start":{"line":97,"column":40},"end":{"line":97,"column":null}},"33":{"start":{"line":105,"column":2},"end":{"line":105,"column":8}},"34":{"start":{"line":110,"column":2},"end":{"line":110,"column":8}},"35":{"start":{"line":111,"column":4},"end":{"line":114,"column":null}},"36":{"start":{"line":113,"column":6},"end":{"line":113,"column":null}},"37":{"start":{"line":117,"column":4},"end":{"line":127,"column":null}},"38":{"start":{"line":118,"column":6},"end":{"line":118,"column":26}},"39":{"start":{"line":123,"column":11},"end":{"line":127,"column":null}},"40":{"start":{"line":124,"column":6},"end":{"line":124,"column":26}},"41":{"start":{"line":126,"column":6},"end":{"line":126,"column":26}},"42":{"start":{"line":130,"column":5},"end":{"line":130,"column":19}},"43":{"start":{"line":132,"column":5},"end":{"line":132,"column":19}},"44":{"start":{"line":135,"column":2},"end":{"line":135,"column":9}},"45":{"start":{"line":153,"column":21},"end":{"line":153,"column":42}},"46":{"start":{"line":155,"column":35},"end":{"line":155,"column":null}},"47":{"start":{"line":157,"column":2},"end":{"line":157,"column":9}},"48":{"start":{"line":165,"column":18},"end":{"line":165,"column":null}},"49":{"start":{"line":166,"column":2},"end":{"line":171,"column":null}},"50":{"start":{"line":168,"column":4},"end":{"line":168,"column":8}},"51":{"start":{"line":170,"column":4},"end":{"line":170,"column":10}},"52":{"start":{"line":172,"column":18},"end":{"line":172,"column":30}},"53":{"start":{"line":173,"column":2},"end":{"line":175,"column":null}},"54":{"start":{"line":174,"column":4},"end":{"line":174,"column":10}},"55":{"start":{"line":176,"column":2},"end":{"line":179,"column":null}},"56":{"start":{"line":178,"column":4},"end":{"line":178,"column":11}},"57":{"start":{"line":180,"column":2},"end":{"line":180,"column":9}},"58":{"start":{"line":189,"column":49},"end":{"line":189,"column":56}},"59":{"start":{"line":190,"column":2},"end":{"line":200,"column":null}},"60":{"start":{"line":191,"column":4},"end":{"line":191,"column":18}},"61":{"start":{"line":195,"column":9},"end":{"line":200,"column":null}},"62":{"start":{"line":196,"column":4},"end":{"line":196,"column":18}},"63":{"start":{"line":201,"column":2},"end":{"line":201,"column":9}},"64":{"start":{"line":215,"column":2},"end":{"line":246,"column":null}},"65":{"start":{"line":217,"column":4},"end":{"line":219,"column":null}},"66":{"start":{"line":218,"column":6},"end":{"line":218,"column":null}},"67":{"start":{"line":221,"column":4},"end":{"line":226,"column":null}},"68":{"start":{"line":225,"column":6},"end":{"line":225,"column":null}},"69":{"start":{"line":228,"column":6},"end":{"line":228,"column":null}},"70":{"start":{"line":229,"column":4},"end":{"line":239,"column":null}},"71":{"start":{"line":230,"column":6},"end":{"line":230,"column":20}},"72":{"start":{"line":231,"column":11},"end":{"line":239,"column":null}},"73":{"start":{"line":232,"column":6},"end":{"line":232,"column":20}},"74":{"start":{"line":240,"column":4},"end":{"line":240,"column":11}},"75":{"start":{"line":247,"column":2},"end":{"line":247,"column":9}},"76":{"start":{"line":251,"column":2},"end":{"line":253,"column":null}},"77":{"start":{"line":252,"column":4},"end":{"line":252,"column":11}},"78":{"start":{"line":254,"column":19},"end":{"line":256,"column":null}},"79":{"start":{"line":257,"column":2},"end":{"line":257,"column":9}},"80":{"start":{"line":268,"column":40},"end":{"line":268,"column":null}},"81":{"start":{"line":273,"column":2},"end":{"line":273,"column":8}},"82":{"start":{"line":275,"column":2},"end":{"line":279,"column":null}},"83":{"start":{"line":276,"column":4},"end":{"line":276,"column":11}},"84":{"start":{"line":277,"column":9},"end":{"line":279,"column":null}},"85":{"start":{"line":278,"column":4},"end":{"line":278,"column":10}},"86":{"start":{"line":281,"column":24},"end":{"line":281,"column":29}},"87":{"start":{"line":282,"column":4},"end":{"line":284,"column":null}},"88":{"start":{"line":286,"column":2},"end":{"line":286,"column":9}},"89":{"start":{"line":302,"column":26},"end":{"line":302,"column":31}},"90":{"start":{"line":303,"column":4},"end":{"line":305,"column":null}},"91":{"start":{"line":304,"column":6},"end":{"line":304,"column":13}},"92":{"start":{"line":306,"column":57},"end":{"line":306,"column":null}},"93":{"start":{"line":307,"column":4},"end":{"line":317,"column":null}},"94":{"start":{"line":308,"column":30},"end":{"line":308,"column":null}},"95":{"start":{"line":315,"column":25},"end":{"line":315,"column":38}},"96":{"start":{"line":316,"column":6},"end":{"line":316,"column":13}},"97":{"start":{"line":319,"column":2},"end":{"line":324,"column":null}},"98":{"start":{"line":320,"column":4},"end":{"line":320,"column":11}},"99":{"start":{"line":323,"column":4},"end":{"line":323,"column":11}},"100":{"start":{"line":326,"column":20},"end":{"line":326,"column":36}},"101":{"start":{"line":328,"column":4},"end":{"line":328,"column":null}},"102":{"start":{"line":329,"column":26},"end":{"line":329,"column":28}},"103":{"start":{"line":330,"column":2},"end":{"line":330,"column":9}},"104":{"start":{"line":343,"column":14},"end":{"line":343,"column":20}},"105":{"start":{"line":344,"column":2},"end":{"line":344,"column":9}},"106":{"start":{"line":345,"column":17},"end":{"line":345,"column":null}},"107":{"start":{"line":346,"column":14},"end":{"line":346,"column":19}},"108":{"start":{"line":347,"column":4},"end":{"line":362,"column":null}},"109":{"start":{"line":348,"column":6},"end":{"line":348,"column":9}},"110":{"start":{"line":349,"column":11},"end":{"line":362,"column":null}},"111":{"start":{"line":359,"column":6},"end":{"line":359,"column":9}},"112":{"start":{"line":361,"column":6},"end":{"line":361,"column":9}},"113":{"start":{"line":363,"column":4},"end":{"line":363,"column":11}},"114":{"start":{"line":377,"column":19},"end":{"line":377,"column":null}},"115":{"start":{"line":379,"column":2},"end":{"line":381,"column":null}},"116":{"start":{"line":380,"column":4},"end":{"line":380,"column":11}},"117":{"start":{"line":383,"column":2},"end":{"line":385,"column":null}},"118":{"start":{"line":384,"column":4},"end":{"line":384,"column":11}},"119":{"start":{"line":387,"column":2},"end":{"line":389,"column":null}},"120":{"start":{"line":388,"column":4},"end":{"line":388,"column":11}},"121":{"start":{"line":391,"column":17},"end":{"line":391,"column":null}},"122":{"start":{"line":392,"column":2},"end":{"line":394,"column":null}},"123":{"start":{"line":393,"column":4},"end":{"line":393,"column":11}},"124":{"start":{"line":393,"column":28},"end":{"line":393,"column":null}},"125":{"start":{"line":396,"column":2},"end":{"line":396,"column":9}},"126":{"start":{"line":425,"column":25},"end":{"line":441,"column":null}},"127":{"start":{"line":426,"column":2},"end":{"line":438,"column":null}},"128":{"start":{"line":427,"column":4},"end":{"line":427,"column":11}},"129":{"start":{"line":428,"column":9},"end":{"line":438,"column":null}},"130":{"start":{"line":429,"column":4},"end":{"line":429,"column":11}},"131":{"start":{"line":430,"column":9},"end":{"line":438,"column":null}},"132":{"start":{"line":431,"column":4},"end":{"line":431,"column":11}},"133":{"start":{"line":432,"column":9},"end":{"line":438,"column":null}},"134":{"start":{"line":433,"column":4},"end":{"line":433,"column":11}},"135":{"start":{"line":434,"column":9},"end":{"line":438,"column":null}},"136":{"start":{"line":435,"column":4},"end":{"line":435,"column":11}},"137":{"start":{"line":436,"column":9},"end":{"line":438,"column":null}},"138":{"start":{"line":437,"column":4},"end":{"line":437,"column":11}},"139":{"start":{"line":440,"column":2},"end":{"line":440,"column":9}},"140":{"start":{"line":444,"column":2},"end":{"line":444,"column":null}},"141":{"start":{"line":451,"column":17},"end":{"line":451,"column":32}},"142":{"start":{"line":452,"column":21},"end":{"line":452,"column":null}},"143":{"start":{"line":453,"column":2},"end":{"line":457,"column":null}},"144":{"start":{"line":454,"column":4},"end":{"line":454,"column":11}},"145":{"start":{"line":455,"column":9},"end":{"line":457,"column":null}},"146":{"start":{"line":456,"column":4},"end":{"line":456,"column":11}},"147":{"start":{"line":456,"column":44},"end":{"line":456,"column":55}},"148":{"start":{"line":458,"column":2},"end":{"line":458,"column":9}},"149":{"start":{"line":462,"column":2},"end":{"line":464,"column":null}},"150":{"start":{"line":463,"column":4},"end":{"line":463,"column":11}},"151":{"start":{"line":465,"column":2},"end":{"line":465,"column":9}},"152":{"start":{"line":474,"column":2},"end":{"line":524,"column":null}},"153":{"start":{"line":474,"column":15},"end":{"line":474,"column":18}},"154":{"start":{"line":475,"column":19},"end":{"line":475,"column":27}},"155":{"start":{"line":484,"column":4},"end":{"line":523,"column":null}},"156":{"start":{"line":487,"column":28},"end":{"line":487,"column":null}},"157":{"start":{"line":488,"column":60},"end":{"line":488,"column":null}},"158":{"start":{"line":496,"column":6},"end":{"line":512,"column":null}},"159":{"start":{"line":498,"column":36},"end":{"line":498,"column":null}},"160":{"start":{"line":500,"column":8},"end":{"line":505,"column":null}},"161":{"start":{"line":501,"column":10},"end":{"line":501,"column":22}},"162":{"start":{"line":504,"column":10},"end":{"line":504,"column":22}},"163":{"start":{"line":507,"column":8},"end":{"line":507,"column":20}},"164":{"start":{"line":509,"column":8},"end":{"line":509,"column":23}},"165":{"start":{"line":511,"column":8},"end":{"line":511,"column":23}},"166":{"start":{"line":516,"column":6},"end":{"line":516,"column":13}},"167":{"start":{"line":518,"column":6},"end":{"line":520,"column":null}},"168":{"start":{"line":519,"column":8},"end":{"line":519,"column":15}},"169":{"start":{"line":521,"column":11},"end":{"line":523,"column":null}},"170":{"start":{"line":522,"column":6},"end":{"line":522,"column":13}},"171":{"start":{"line":525,"column":2},"end":{"line":525,"column":9}},"172":{"start":{"line":529,"column":2},"end":{"line":550,"column":null}},"173":{"start":{"line":530,"column":4},"end":{"line":532,"column":null}},"174":{"start":{"line":531,"column":6},"end":{"line":531,"column":14}},"175":{"start":{"line":533,"column":4},"end":{"line":533,"column":11}},"176":{"start":{"line":534,"column":6},"end":{"line":536,"column":null}},"177":{"start":{"line":535,"column":8},"end":{"line":535,"column":15}},"178":{"start":{"line":537,"column":6},"end":{"line":537,"column":13}},"179":{"start":{"line":539,"column":9},"end":{"line":550,"column":null}},"180":{"start":{"line":540,"column":16},"end":{"line":540,"column":22}},"181":{"start":{"line":541,"column":4},"end":{"line":541,"column":11}},"182":{"start":{"line":542,"column":6},"end":{"line":542,"column":9}},"183":{"start":{"line":546,"column":6},"end":{"line":546,"column":13}},"184":{"start":{"line":549,"column":4},"end":{"line":549,"column":11}},"185":{"start":{"line":559,"column":2},"end":{"line":561,"column":null}},"186":{"start":{"line":560,"column":4},"end":{"line":560,"column":10}},"187":{"start":{"line":563,"column":19},"end":{"line":563,"column":null}},"188":{"start":{"line":572,"column":2},"end":{"line":575,"column":null}},"189":{"start":{"line":574,"column":4},"end":{"line":574,"column":11}},"190":{"start":{"line":576,"column":2},"end":{"line":578,"column":null}},"191":{"start":{"line":577,"column":4},"end":{"line":577,"column":11}},"192":{"start":{"line":579,"column":2},"end":{"line":581,"column":null}},"193":{"start":{"line":580,"column":4},"end":{"line":580,"column":11}},"194":{"start":{"line":582,"column":2},"end":{"line":582,"column":9}}},"fnMap":{"0":{"name":"isObject","decl":{"start":{"line":9,"column":16},"end":{"line":9,"column":25}},"loc":{"start":{"line":9,"column":35},"end":{"line":11,"column":null}}},"1":{"name":"isEmptyObject","decl":{"start":{"line":13,"column":16},"end":{"line":13,"column":30}},"loc":{"start":{"line":13,"column":40},"end":{"line":15,"column":null}}},"2":{"name":"hasOwnProperty","decl":{"start":{"line":17,"column":16},"end":{"line":17,"column":31}},"loc":{"start":{"line":17,"column":52},"end":{"line":23,"column":null}}},"3":{"name":"validateData","decl":{"start":{"line":30,"column":16},"end":{"line":30,"column":29}},"loc":{"start":{"line":30,"column":51},"end":{"line":36,"column":null}}},"4":{"name":"resolveSchema","decl":{"start":{"line":40,"column":16},"end":{"line":40,"column":30}},"loc":{"start":{"line":40,"column":76},"end":{"line":57,"column":null}}},"5":{"name":"(anonymous_5)","decl":{"start":{"line":49,"column":31},"end":{"line":49,"column":null}},"loc":{"start":{"line":50,"column":8},"end":{"line":50,"column":23}}},"6":{"name":"retrieveSchema","decl":{"start":{"line":59,"column":16},"end":{"line":59,"column":null}},"loc":{"start":{"line":62,"column":20},"end":{"line":95,"column":null}}},"7":{"name":"stubExistingAdditionalProperties","decl":{"start":{"line":99,"column":16},"end":{"line":99,"column":null}},"loc":{"start":{"line":102,"column":20},"end":{"line":136,"column":null}}},"8":{"name":"(anonymous_8)","decl":{"start":{"line":110,"column":33},"end":{"line":110,"column":40}},"loc":{"start":{"line":110,"column":40},"end":{"line":133,"column":null}}},"9":{"name":"resolveReference","decl":{"start":{"line":151,"column":9},"end":{"line":151,"column":26}},"loc":{"start":{"line":151,"column":69},"end":{"line":162,"column":null}}},"10":{"name":"findSchemaDefinition","decl":{"start":{"line":164,"column":16},"end":{"line":164,"column":37}},"loc":{"start":{"line":164,"column":66},"end":{"line":181,"column":null}}},"11":{"name":"resolveDependencies","decl":{"start":{"line":183,"column":9},"end":{"line":183,"column":null}},"loc":{"start":{"line":186,"column":15},"end":{"line":207,"column":null}}},"12":{"name":"processDependencies","decl":{"start":{"line":208,"column":9},"end":{"line":208,"column":null}},"loc":{"start":{"line":212,"column":15},"end":{"line":248,"column":null}}},"13":{"name":"withDependentProperties","decl":{"start":{"line":250,"column":9},"end":{"line":250,"column":33}},"loc":{"start":{"line":250,"column":71},"end":{"line":258,"column":null}}},"14":{"name":"withDependentSchema","decl":{"start":{"line":260,"column":9},"end":{"line":260,"column":null}},"loc":{"start":{"line":265,"column":22},"end":{"line":293,"column":null}}},"15":{"name":"(anonymous_15)","decl":{"start":{"line":281,"column":35},"end":{"line":281,"column":null}},"loc":{"start":{"line":282,"column":4},"end":{"line":284,"column":null}}},"16":{"name":"withExactlyOneSubschema","decl":{"start":{"line":295,"column":9},"end":{"line":295,"column":null}},"loc":{"start":{"line":300,"column":12},"end":{"line":335,"column":null}}},"17":{"name":"(anonymous_17)","decl":{"start":{"line":302,"column":40},"end":{"line":302,"column":58}},"loc":{"start":{"line":302,"column":58},"end":{"line":318,"column":null}}},"18":{"name":"mergeSchemas","decl":{"start":{"line":342,"column":16},"end":{"line":342,"column":29}},"loc":{"start":{"line":342,"column":49},"end":{"line":365,"column":null}}},"19":{"name":"(anonymous_19)","decl":{"start":{"line":344,"column":34},"end":{"line":344,"column":35}},"loc":{"start":{"line":344,"column":47},"end":{"line":364,"column":5}}},"20":{"name":"getSchemaType","decl":{"start":{"line":376,"column":16},"end":{"line":376,"column":30}},"loc":{"start":{"line":376,"column":44},"end":{"line":421,"column":null}}},"21":{"name":"(anonymous_21)","decl":{"start":{"line":393,"column":19},"end":{"line":393,"column":28}},"loc":{"start":{"line":393,"column":28},"end":{"line":393,"column":null}}},"22":{"name":"guessType","decl":{"start":{"line":425,"column":34},"end":{"line":425,"column":44}},"loc":{"start":{"line":425,"column":54},"end":{"line":441,"column":null}}},"23":{"name":"isConstant","decl":{"start":{"line":443,"column":16},"end":{"line":443,"column":27}},"loc":{"start":{"line":443,"column":41},"end":{"line":448,"column":null}}},"24":{"name":"isSelect","decl":{"start":{"line":450,"column":16},"end":{"line":450,"column":25}},"loc":{"start":{"line":450,"column":62},"end":{"line":459,"column":null}}},"25":{"name":"(anonymous_25)","decl":{"start":{"line":456,"column":29},"end":{"line":456,"column":44}},"loc":{"start":{"line":456,"column":44},"end":{"line":456,"column":55}}},"26":{"name":"isMultiSelect","decl":{"start":{"line":461,"column":16},"end":{"line":461,"column":30}},"loc":{"start":{"line":461,"column":69},"end":{"line":466,"column":null}}},"27":{"name":"getMatchingOption","decl":{"start":{"line":469,"column":16},"end":{"line":469,"column":null}},"loc":{"start":{"line":472,"column":49},"end":{"line":526,"column":null}}},"28":{"name":"(anonymous_28)","decl":{"start":{"line":488,"column":51},"end":{"line":488,"column":60}},"loc":{"start":{"line":488,"column":60},"end":{"line":488,"column":null}}},"29":{"name":"mergeDefaultsWithFormData","decl":{"start":{"line":528,"column":16},"end":{"line":528,"column":42}},"loc":{"start":{"line":528,"column":70},"end":{"line":551,"column":null}}},"30":{"name":"(anonymous_30)","decl":{"start":{"line":533,"column":24},"end":{"line":533,"column":25}},"loc":{"start":{"line":533,"column":39},"end":{"line":538,"column":null}}},"31":{"name":"(anonymous_31)","decl":{"start":{"line":541,"column":40},"end":{"line":541,"column":41}},"loc":{"start":{"line":541,"column":53},"end":{"line":547,"column":7}}},"32":{"name":"getDefaultFormState","decl":{"start":{"line":553,"column":16},"end":{"line":553,"column":null}},"loc":{"start":{"line":553,"column":6},"end":{"line":583,"column":null}}}},"branchMap":{"0":{"loc":{"start":{"line":10,"column":9},"end":{"line":10,"column":38}},"type":"binary-expr","locations":[{"start":{"line":10,"column":9},"end":{"line":10,"column":38}},{"start":{"line":10,"column":38},"end":{"line":10,"column":56}},{"start":{"line":10,"column":56},"end":{"line":10,"column":62}}]},"1":{"loc":{"start":{"line":14,"column":9},"end":{"line":14,"column":18}},"type":"binary-expr","locations":[{"start":{"line":14,"column":9},"end":{"line":14,"column":18}},{"start":{"line":14,"column":28},"end":{"line":14,"column":null}}]},"2":{"loc":{"start":{"line":40,"column":59},"end":{"line":40,"column":63}},"type":"default-arg","locations":[{"start":{"line":40,"column":59},"end":{"line":40,"column":63}}]},"3":{"loc":{"start":{"line":40,"column":74},"end":{"line":40,"column":76}},"type":"default-arg","locations":[{"start":{"line":40,"column":74},"end":{"line":40,"column":76}}]},"4":{"loc":{"start":{"line":41,"column":2},"end":{"line":56,"column":null}},"type":"if","locations":[{"start":{"line":41,"column":2},"end":{"line":56,"column":null}},{"start":{"line":41,"column":2},"end":{"line":56,"column":null}}]},"5":{"loc":{"start":{"line":43,"column":9},"end":{"line":56,"column":null}},"type":"if","locations":[{"start":{"line":43,"column":9},"end":{"line":56,"column":null}},{"start":{"line":43,"column":9},"end":{"line":56,"column":null}}]},"6":{"loc":{"start":{"line":46,"column":9},"end":{"line":56,"column":null}},"type":"if","locations":[{"start":{"line":46,"column":9},"end":{"line":56,"column":null}},{"start":{"line":46,"column":9},"end":{"line":56,"column":null}}]},"7":{"loc":{"start":{"line":46,"column":13},"end":{"line":46,"column":28}},"type":"binary-expr","locations":[{"start":{"line":46,"column":13},"end":{"line":46,"column":28}},{"start":{"line":46,"column":48},"end":{"line":46,"column":53}}]},"8":{"loc":{"start":{"line":61,"column":15},"end":{"line":61,"column":null}},"type":"default-arg","locations":[{"start":{"line":61,"column":15},"end":{"line":61,"column":null}}]},"9":{"loc":{"start":{"line":62,"column":18},"end":{"line":62,"column":20}},"type":"default-arg","locations":[{"start":{"line":62,"column":18},"end":{"line":62,"column":20}}]},"10":{"loc":{"start":{"line":64,"column":2},"end":{"line":66,"column":null}},"type":"if","locations":[{"start":{"line":64,"column":2},"end":{"line":66,"column":null}},{"start":{"line":64,"column":2},"end":{"line":66,"column":null}}]},"11":{"loc":{"start":{"line":70,"column":2},"end":{"line":82,"column":null}},"type":"if","locations":[{"start":{"line":70,"column":2},"end":{"line":82,"column":null}},{"start":{"line":70,"column":2},"end":{"line":82,"column":null}}]},"12":{"loc":{"start":{"line":84,"column":4},"end":{"line":84,"column":18}},"type":"binary-expr","locations":[{"start":{"line":84,"column":4},"end":{"line":84,"column":18}},{"start":{"line":85,"column":4},"end":{"line":85,"column":null}}]},"13":{"loc":{"start":{"line":86,"column":2},"end":{"line":93,"column":null}},"type":"if","locations":[{"start":{"line":86,"column":2},"end":{"line":93,"column":null}},{"start":{"line":86,"column":2},"end":{"line":93,"column":null}}]},"14":{"loc":{"start":{"line":101,"column":23},"end":{"line":101,"column":null}},"type":"default-arg","locations":[{"start":{"line":101,"column":23},"end":{"line":101,"column":null}}]},"15":{"loc":{"start":{"line":102,"column":18},"end":{"line":102,"column":20}},"type":"default-arg","locations":[{"start":{"line":102,"column":18},"end":{"line":102,"column":20}}]},"16":{"loc":{"start":{"line":111,"column":4},"end":{"line":114,"column":null}},"type":"if","locations":[{"start":{"line":111,"column":4},"end":{"line":114,"column":null}},{"start":{"line":111,"column":4},"end":{"line":114,"column":null}}]},"17":{"loc":{"start":{"line":117,"column":4},"end":{"line":127,"column":null}},"type":"if","locations":[{"start":{"line":117,"column":4},"end":{"line":127,"column":null}},{"start":{"line":117,"column":4},"end":{"line":127,"column":null}}]},"18":{"loc":{"start":{"line":123,"column":11},"end":{"line":127,"column":null}},"type":"if","locations":[{"start":{"line":123,"column":11},"end":{"line":127,"column":null}},{"start":{"line":123,"column":11},"end":{"line":127,"column":null}}]},"19":{"loc":{"start":{"line":164,"column":64},"end":{"line":164,"column":66}},"type":"default-arg","locations":[{"start":{"line":164,"column":64},"end":{"line":164,"column":66}}]},"20":{"loc":{"start":{"line":166,"column":2},"end":{"line":171,"column":null}},"type":"if","locations":[{"start":{"line":166,"column":2},"end":{"line":171,"column":null}},{"start":{"line":166,"column":2},"end":{"line":171,"column":null}}]},"21":{"loc":{"start":{"line":173,"column":2},"end":{"line":175,"column":null}},"type":"if","locations":[{"start":{"line":173,"column":2},"end":{"line":175,"column":null}},{"start":{"line":173,"column":2},"end":{"line":175,"column":null}}]},"22":{"loc":{"start":{"line":176,"column":2},"end":{"line":179,"column":null}},"type":"if","locations":[{"start":{"line":176,"column":2},"end":{"line":179,"column":null}},{"start":{"line":176,"column":2},"end":{"line":179,"column":null}}]},"23":{"loc":{"start":{"line":189,"column":23},"end":{"line":189,"column":27}},"type":"default-arg","locations":[{"start":{"line":189,"column":23},"end":{"line":189,"column":27}}]},"24":{"loc":{"start":{"line":190,"column":2},"end":{"line":200,"column":null}},"type":"if","locations":[{"start":{"line":190,"column":2},"end":{"line":200,"column":null}},{"start":{"line":190,"column":2},"end":{"line":200,"column":null}}]},"25":{"loc":{"start":{"line":195,"column":9},"end":{"line":200,"column":null}},"type":"if","locations":[{"start":{"line":195,"column":9},"end":{"line":200,"column":null}},{"start":{"line":195,"column":9},"end":{"line":200,"column":null}}]},"26":{"loc":{"start":{"line":217,"column":4},"end":{"line":219,"column":null}},"type":"if","locations":[{"start":{"line":217,"column":4},"end":{"line":219,"column":null}},{"start":{"line":217,"column":4},"end":{"line":219,"column":null}}]},"27":{"loc":{"start":{"line":221,"column":4},"end":{"line":226,"column":null}},"type":"if","locations":[{"start":{"line":221,"column":4},"end":{"line":226,"column":null}},{"start":{"line":221,"column":4},"end":{"line":226,"column":null}}]},"28":{"loc":{"start":{"line":222,"column":6},"end":{"line":222,"column":null}},"type":"binary-expr","locations":[{"start":{"line":222,"column":6},"end":{"line":222,"column":null}},{"start":{"line":223,"column":6},"end":{"line":223,"column":8}}]},"29":{"loc":{"start":{"line":229,"column":4},"end":{"line":239,"column":null}},"type":"if","locations":[{"start":{"line":229,"column":4},"end":{"line":239,"column":null}},{"start":{"line":229,"column":4},"end":{"line":239,"column":null}}]},"30":{"loc":{"start":{"line":231,"column":11},"end":{"line":239,"column":null}},"type":"if","locations":[{"start":{"line":231,"column":11},"end":{"line":239,"column":null}},{"start":{"line":231,"column":11},"end":{"line":239,"column":null}}]},"31":{"loc":{"start":{"line":251,"column":2},"end":{"line":253,"column":null}},"type":"if","locations":[{"start":{"line":251,"column":2},"end":{"line":253,"column":null}},{"start":{"line":251,"column":2},"end":{"line":253,"column":null}}]},"32":{"loc":{"start":{"line":255,"column":6},"end":{"line":255,"column":11}},"type":"cond-expr","locations":[{"start":{"line":255,"column":6},"end":{"line":255,"column":11}},{"start":{"line":256,"column":6},"end":{"line":256,"column":null}}]},"33":{"loc":{"start":{"line":275,"column":2},"end":{"line":279,"column":null}},"type":"if","locations":[{"start":{"line":275,"column":2},"end":{"line":279,"column":null}},{"start":{"line":275,"column":2},"end":{"line":279,"column":null}}]},"34":{"loc":{"start":{"line":277,"column":9},"end":{"line":279,"column":null}},"type":"if","locations":[{"start":{"line":277,"column":9},"end":{"line":279,"column":null}},{"start":{"line":277,"column":9},"end":{"line":279,"column":null}}]},"35":{"loc":{"start":{"line":283,"column":8},"end":{"line":283,"column":25}},"type":"cond-expr","locations":[{"start":{"line":283,"column":8},"end":{"line":283,"column":25}},{"start":{"line":284,"column":8},"end":{"line":284,"column":null}}]},"36":{"loc":{"start":{"line":303,"column":4},"end":{"line":305,"column":null}},"type":"if","locations":[{"start":{"line":303,"column":4},"end":{"line":305,"column":null}},{"start":{"line":303,"column":4},"end":{"line":305,"column":null}}]},"37":{"loc":{"start":{"line":307,"column":4},"end":{"line":317,"column":null}},"type":"if","locations":[{"start":{"line":307,"column":4},"end":{"line":317,"column":null}},{"start":{"line":307,"column":4},"end":{"line":317,"column":null}}]},"38":{"loc":{"start":{"line":316,"column":13},"end":{"line":316,"column":24}},"type":"binary-expr","locations":[{"start":{"line":316,"column":13},"end":{"line":316,"column":24}},{"start":{"line":316,"column":24},"end":{"line":316,"column":null}}]},"39":{"loc":{"start":{"line":319,"column":2},"end":{"line":324,"column":null}},"type":"if","locations":[{"start":{"line":319,"column":2},"end":{"line":324,"column":null}},{"start":{"line":319,"column":2},"end":{"line":324,"column":null}}]},"40":{"loc":{"start":{"line":345,"column":24},"end":{"line":345,"column":29}},"type":"cond-expr","locations":[{"start":{"line":345,"column":24},"end":{"line":345,"column":29}},{"start":{"line":345,"column":36},"end":{"line":345,"column":null}}]},"41":{"loc":{"start":{"line":347,"column":4},"end":{"line":362,"column":null}},"type":"if","locations":[{"start":{"line":347,"column":4},"end":{"line":362,"column":null}},{"start":{"line":347,"column":4},"end":{"line":362,"column":null}}]},"42":{"loc":{"start":{"line":347,"column":8},"end":{"line":347,"column":12}},"type":"binary-expr","locations":[{"start":{"line":347,"column":8},"end":{"line":347,"column":12}},{"start":{"line":347,"column":16},"end":{"line":347,"column":31}},{"start":{"line":347,"column":45},"end":{"line":347,"column":54}}]},"43":{"loc":{"start":{"line":349,"column":11},"end":{"line":362,"column":null}},"type":"if","locations":[{"start":{"line":349,"column":11},"end":{"line":362,"column":null}},{"start":{"line":349,"column":11},"end":{"line":362,"column":null}}]},"44":{"loc":{"start":{"line":350,"column":6},"end":{"line":350,"column":10}},"type":"binary-expr","locations":[{"start":{"line":350,"column":6},"end":{"line":350,"column":10}},{"start":{"line":351,"column":6},"end":{"line":351,"column":null}},{"start":{"line":352,"column":7},"end":{"line":352,"column":43}},{"start":{"line":352,"column":43},"end":{"line":352,"column":null}},{"start":{"line":353,"column":6},"end":{"line":353,"column":null}},{"start":{"line":354,"column":6},"end":{"line":354,"column":11}},{"start":{"line":355,"column":6},"end":{"line":355,"column":11}}]},"45":{"loc":{"start":{"line":379,"column":2},"end":{"line":381,"column":null}},"type":"if","locations":[{"start":{"line":379,"column":2},"end":{"line":381,"column":null}},{"start":{"line":379,"column":2},"end":{"line":381,"column":null}}]},"46":{"loc":{"start":{"line":379,"column":6},"end":{"line":379,"column":15}},"type":"binary-expr","locations":[{"start":{"line":379,"column":6},"end":{"line":379,"column":15}},{"start":{"line":379,"column":15},"end":{"line":379,"column":29}}]},"47":{"loc":{"start":{"line":383,"column":2},"end":{"line":385,"column":null}},"type":"if","locations":[{"start":{"line":383,"column":2},"end":{"line":385,"column":null}},{"start":{"line":383,"column":2},"end":{"line":385,"column":null}}]},"48":{"loc":{"start":{"line":383,"column":6},"end":{"line":383,"column":15}},"type":"binary-expr","locations":[{"start":{"line":383,"column":6},"end":{"line":383,"column":15}},{"start":{"line":383,"column":15},"end":{"line":383,"column":28}}]},"49":{"loc":{"start":{"line":387,"column":2},"end":{"line":389,"column":null}},"type":"if","locations":[{"start":{"line":387,"column":2},"end":{"line":389,"column":null}},{"start":{"line":387,"column":2},"end":{"line":389,"column":null}}]},"50":{"loc":{"start":{"line":387,"column":6},"end":{"line":387,"column":16}},"type":"binary-expr","locations":[{"start":{"line":387,"column":6},"end":{"line":387,"column":16}},{"start":{"line":387,"column":16},"end":{"line":387,"column":37}},{"start":{"line":387,"column":37},"end":{"line":387,"column":67}}]},"51":{"loc":{"start":{"line":392,"column":2},"end":{"line":394,"column":null}},"type":"if","locations":[{"start":{"line":392,"column":2},"end":{"line":394,"column":null}},{"start":{"line":392,"column":2},"end":{"line":394,"column":null}}]},"52":{"loc":{"start":{"line":392,"column":6},"end":{"line":392,"column":28}},"type":"binary-expr","locations":[{"start":{"line":392,"column":6},"end":{"line":392,"column":28}},{"start":{"line":392,"column":28},"end":{"line":392,"column":46}},{"start":{"line":392,"column":46},"end":{"line":392,"column":47}}]},"53":{"loc":{"start":{"line":426,"column":2},"end":{"line":438,"column":null}},"type":"if","locations":[{"start":{"line":426,"column":2},"end":{"line":438,"column":null}},{"start":{"line":426,"column":2},"end":{"line":438,"column":null}}]},"54":{"loc":{"start":{"line":428,"column":9},"end":{"line":438,"column":null}},"type":"if","locations":[{"start":{"line":428,"column":9},"end":{"line":438,"column":null}},{"start":{"line":428,"column":9},"end":{"line":438,"column":null}}]},"55":{"loc":{"start":{"line":430,"column":9},"end":{"line":438,"column":null}},"type":"if","locations":[{"start":{"line":430,"column":9},"end":{"line":438,"column":null}},{"start":{"line":430,"column":9},"end":{"line":438,"column":null}}]},"56":{"loc":{"start":{"line":432,"column":9},"end":{"line":438,"column":null}},"type":"if","locations":[{"start":{"line":432,"column":9},"end":{"line":438,"column":null}},{"start":{"line":432,"column":9},"end":{"line":438,"column":null}}]},"57":{"loc":{"start":{"line":434,"column":9},"end":{"line":438,"column":null}},"type":"if","locations":[{"start":{"line":434,"column":9},"end":{"line":438,"column":null}},{"start":{"line":434,"column":9},"end":{"line":438,"column":null}}]},"58":{"loc":{"start":{"line":436,"column":9},"end":{"line":438,"column":null}},"type":"if","locations":[{"start":{"line":436,"column":9},"end":{"line":438,"column":null}},{"start":{"line":436,"column":9},"end":{"line":438,"column":null}}]},"59":{"loc":{"start":{"line":445,"column":5},"end":{"line":445,"column":10}},"type":"binary-expr","locations":[{"start":{"line":445,"column":5},"end":{"line":445,"column":10}},{"start":{"line":445,"column":35},"end":{"line":445,"column":null}},{"start":{"line":446,"column":4},"end":{"line":446,"column":10}}]},"60":{"loc":{"start":{"line":450,"column":60},"end":{"line":450,"column":62}},"type":"default-arg","locations":[{"start":{"line":450,"column":60},"end":{"line":450,"column":62}}]},"61":{"loc":{"start":{"line":452,"column":21},"end":{"line":452,"column":37}},"type":"binary-expr","locations":[{"start":{"line":452,"column":21},"end":{"line":452,"column":37}},{"start":{"line":452,"column":37},"end":{"line":452,"column":null}}]},"62":{"loc":{"start":{"line":453,"column":2},"end":{"line":457,"column":null}},"type":"if","locations":[{"start":{"line":453,"column":2},"end":{"line":457,"column":null}},{"start":{"line":453,"column":2},"end":{"line":457,"column":null}}]},"63":{"loc":{"start":{"line":455,"column":9},"end":{"line":457,"column":null}},"type":"if","locations":[{"start":{"line":455,"column":9},"end":{"line":457,"column":null}},{"start":{"line":455,"column":9},"end":{"line":457,"column":null}}]},"64":{"loc":{"start":{"line":461,"column":67},"end":{"line":461,"column":69}},"type":"default-arg","locations":[{"start":{"line":461,"column":67},"end":{"line":461,"column":69}}]},"65":{"loc":{"start":{"line":462,"column":2},"end":{"line":464,"column":null}},"type":"if","locations":[{"start":{"line":462,"column":2},"end":{"line":464,"column":null}},{"start":{"line":462,"column":2},"end":{"line":464,"column":null}}]},"66":{"loc":{"start":{"line":462,"column":6},"end":{"line":462,"column":29}},"type":"binary-expr","locations":[{"start":{"line":462,"column":6},"end":{"line":462,"column":29}},{"start":{"line":462,"column":29},"end":{"line":462,"column":44}}]},"67":{"loc":{"start":{"line":484,"column":4},"end":{"line":523,"column":null}},"type":"if","locations":[{"start":{"line":484,"column":4},"end":{"line":523,"column":null}},{"start":{"line":484,"column":4},"end":{"line":523,"column":null}}]},"68":{"loc":{"start":{"line":496,"column":6},"end":{"line":512,"column":null}},"type":"if","locations":[{"start":{"line":496,"column":6},"end":{"line":512,"column":null}},{"start":{"line":496,"column":6},"end":{"line":512,"column":null}}]},"69":{"loc":{"start":{"line":500,"column":8},"end":{"line":505,"column":null}},"type":"if","locations":[{"start":{"line":500,"column":8},"end":{"line":505,"column":null}},{"start":{"line":500,"column":8},"end":{"line":505,"column":null}}]},"70":{"loc":{"start":{"line":518,"column":6},"end":{"line":520,"column":null}},"type":"if","locations":[{"start":{"line":518,"column":6},"end":{"line":520,"column":null}},{"start":{"line":518,"column":6},"end":{"line":520,"column":null}}]},"71":{"loc":{"start":{"line":521,"column":11},"end":{"line":523,"column":null}},"type":"if","locations":[{"start":{"line":521,"column":11},"end":{"line":523,"column":null}},{"start":{"line":521,"column":11},"end":{"line":523,"column":null}}]},"72":{"loc":{"start":{"line":529,"column":2},"end":{"line":550,"column":null}},"type":"if","locations":[{"start":{"line":529,"column":2},"end":{"line":550,"column":null}},{"start":{"line":529,"column":2},"end":{"line":550,"column":null}}]},"73":{"loc":{"start":{"line":530,"column":4},"end":{"line":532,"column":null}},"type":"if","locations":[{"start":{"line":530,"column":4},"end":{"line":532,"column":null}},{"start":{"line":530,"column":4},"end":{"line":532,"column":null}}]},"74":{"loc":{"start":{"line":534,"column":6},"end":{"line":536,"column":null}},"type":"if","locations":[{"start":{"line":534,"column":6},"end":{"line":536,"column":null}},{"start":{"line":534,"column":6},"end":{"line":536,"column":null}}]},"75":{"loc":{"start":{"line":539,"column":9},"end":{"line":550,"column":null}},"type":"if","locations":[{"start":{"line":539,"column":9},"end":{"line":550,"column":null}},{"start":{"line":539,"column":9},"end":{"line":550,"column":null}}]},"76":{"loc":{"start":{"line":543,"column":19},"end":{"line":543,"column":28}},"type":"cond-expr","locations":[{"start":{"line":543,"column":19},"end":{"line":543,"column":28}},{"start":{"line":543,"column":35},"end":{"line":543,"column":null}}]},"77":{"loc":{"start":{"line":559,"column":2},"end":{"line":561,"column":null}},"type":"if","locations":[{"start":{"line":559,"column":2},"end":{"line":561,"column":null}},{"start":{"line":559,"column":2},"end":{"line":561,"column":null}}]},"78":{"loc":{"start":{"line":572,"column":2},"end":{"line":575,"column":null}},"type":"if","locations":[{"start":{"line":572,"column":2},"end":{"line":575,"column":null}},{"start":{"line":572,"column":2},"end":{"line":575,"column":null}}]},"79":{"loc":{"start":{"line":576,"column":2},"end":{"line":578,"column":null}},"type":"if","locations":[{"start":{"line":576,"column":2},"end":{"line":578,"column":null}},{"start":{"line":576,"column":2},"end":{"line":578,"column":null}}]},"80":{"loc":{"start":{"line":576,"column":6},"end":{"line":576,"column":15}},"type":"binary-expr","locations":[{"start":{"line":576,"column":6},"end":{"line":576,"column":15}},{"start":{"line":576,"column":28},"end":{"line":576,"column":33}}]},"81":{"loc":{"start":{"line":579,"column":2},"end":{"line":581,"column":null}},"type":"if","locations":[{"start":{"line":579,"column":2},"end":{"line":581,"column":null}},{"start":{"line":579,"column":2},"end":{"line":581,"column":null}}]},"82":{"loc":{"start":{"line":579,"column":6},"end":{"line":579,"column":24}},"type":"binary-expr","locations":[{"start":{"line":579,"column":6},"end":{"line":579,"column":24}},{"start":{"line":579,"column":24},"end":{"line":579,"column":46}},{"start":{"line":579,"column":46},"end":{"line":579,"column":63}}]},"83":{"loc":{"start":{"line":582,"column":9},"end":{"line":582,"column":17}},"type":"binary-expr","locations":[{"start":{"line":582,"column":9},"end":{"line":582,"column":17}},{"start":{"line":582,"column":21},"end":{"line":582,"column":null}}]}},"s":{"0":2,"1":2,"2":2,"3":2,"4":16,"5":0,"6":30,"7":2,"8":0,"9":0,"10":10,"11":0,"12":10,"13":0,"14":0,"15":10,"16":0,"17":0,"18":10,"19":10,"20":0,"21":10,"22":10,"23":0,"24":0,"25":0,"26":0,"27":0,"28":10,"29":10,"30":0,"31":10,"32":2,"33":0,"34":0,"35":0,"36":0,"37":0,"38":0,"39":0,"40":0,"41":0,"42":0,"43":0,"44":0,"45":0,"46":0,"47":0,"48":0,"49":0,"50":0,"51":0,"52":0,"53":0,"54":0,"55":0,"56":0,"57":0,"58":0,"59":0,"60":0,"61":0,"62":0,"63":0,"64":0,"65":0,"66":0,"67":0,"68":0,"69":0,"70":0,"71":0,"72":0,"73":0,"74":0,"75":0,"76":0,"77":0,"78":0,"79":0,"80":0,"81":0,"82":0,"83":0,"84":0,"85":0,"86":0,"87":0,"88":0,"89":0,"90":0,"91":0,"92":0,"93":0,"94":0,"95":0,"96":0,"97":0,"98":0,"99":0,"100":0,"101":0,"102":0,"103":0,"104":0,"105":0,"106":0,"107":0,"108":0,"109":0,"110":0,"111":0,"112":0,"113":0,"114":0,"115":0,"116":0,"117":0,"118":0,"119":0,"120":0,"121":0,"122":0,"123":0,"124":0,"125":0,"126":2,"127":0,"128":0,"129":0,"130":0,"131":0,"132":0,"133":0,"134":0,"135":0,"136":0,"137":0,"138":0,"139":0,"140":0,"141":0,"142":0,"143":0,"144":0,"145":0,"146":0,"147":0,"148":0,"149":0,"150":0,"151":0,"152":0,"153":0,"154":0,"155":0,"156":0,"157":0,"158":0,"159":0,"160":0,"161":0,"162":0,"163":0,"164":0,"165":0,"166":0,"167":0,"168":0,"169":0,"170":0,"171":0,"172":0,"173":0,"174":0,"175":0,"176":0,"177":0,"178":0,"179":0,"180":0,"181":0,"182":0,"183":0,"184":0,"185":0,"186":0,"187":0,"188":0,"189":0,"190":0,"191":0,"192":0,"193":0,"194":0},"f":{"0":16,"1":0,"2":30,"3":0,"4":10,"5":0,"6":10,"7":0,"8":0,"9":0,"10":0,"11":0,"12":0,"13":0,"14":0,"15":0,"16":0,"17":0,"18":0,"19":0,"20":0,"21":0,"22":0,"23":0,"24":0,"25":0,"26":0,"27":0,"28":0,"29":0,"30":0,"31":0,"32":0},"b":{"0":[16,11,11],"1":[0,0],"2":[0],"3":[0],"4":[0,10],"5":[0,10],"6":[0,10],"7":[10,0],"8":[0],"9":[8],"10":[0,10],"11":[0,10],"12":[10,0],"13":[0,10],"14":[0],"15":[0],"16":[0,0],"17":[0,0],"18":[0,0],"19":[0],"20":[0,0],"21":[0,0],"22":[0,0],"23":[0],"24":[0,0],"25":[0,0],"26":[0,0],"27":[0,0],"28":[0,0],"29":[0,0],"30":[0,0],"31":[0,0],"32":[0,0],"33":[0,0],"34":[0,0],"35":[0,0],"36":[0,0],"37":[0,0],"38":[0,0],"39":[0,0],"40":[0,0],"41":[0,0],"42":[0,0,0],"43":[0,0],"44":[0,0,0,0,0,0,0],"45":[0,0],"46":[0,0],"47":[0,0],"48":[0,0],"49":[0,0],"50":[0,0,0],"51":[0,0],"52":[0,0,0],"53":[0,0],"54":[0,0],"55":[0,0],"56":[0,0],"57":[0,0],"58":[0,0],"59":[0,0,0],"60":[0],"61":[0,0],"62":[0,0],"63":[0,0],"64":[0],"65":[0,0],"66":[0,0],"67":[0,0],"68":[0,0],"69":[0,0],"70":[0,0],"71":[0,0],"72":[0,0],"73":[0,0],"74":[0,0],"75":[0,0],"76":[0,0],"77":[0,0],"78":[0,0],"79":[0,0],"80":[0,0],"81":[0,0],"82":[0,0,0],"83":[0,0]}}
,"F:\\workspace\\wwForm\\lib\\fields\\ArrayField.tsx": {"path":"F:\\workspace\\wwForm\\lib\\fields\\ArrayField.tsx","statementMap":{"0":{"start":{"line":1,"column":0},"end":{"line":1,"column":null}},"1":{"start":{"line":2,"column":0},"end":{"line":2,"column":null}},"2":{"start":{"line":4,"column":0},"end":{"line":4,"column":null}},"3":{"start":{"line":5,"column":0},"end":{"line":5,"column":null}},"4":{"start":{"line":6,"column":0},"end":{"line":6,"column":null}},"5":{"start":{"line":8,"column":18},"end":{"line":8,"column":34}},"6":{"start":{"line":28,"column":25},"end":{"line":28,"column":41}},"7":{"start":{"line":53,"column":23},"end":{"line":53,"column":null}},"8":{"start":{"line":55,"column":22},"end":{"line":55,"column":33}},"9":{"start":{"line":55,"column":28},"end":{"line":55,"column":33}},"10":{"start":{"line":56,"column":22},"end":{"line":56,"column":33}},"11":{"start":{"line":56,"column":28},"end":{"line":56,"column":33}},"12":{"start":{"line":57,"column":21},"end":{"line":57,"column":32}},"13":{"start":{"line":57,"column":27},"end":{"line":57,"column":32}},"14":{"start":{"line":58,"column":23},"end":{"line":58,"column":34}},"15":{"start":{"line":58,"column":29},"end":{"line":58,"column":34}},"16":{"start":{"line":60,"column":4},"end":{"line":60,"column":11}},"17":{"start":{"line":61,"column":22},"end":{"line":61,"column":null}},"18":{"start":{"line":63,"column":6},"end":{"line":63,"column":null}},"19":{"start":{"line":102,"column":15},"end":{"line":102,"column":31}},"20":{"start":{"line":106,"column":20},"end":{"line":106,"column":null}},"21":{"start":{"line":108,"column":34},"end":{"line":115,"column":null}},"22":{"start":{"line":109,"column":24},"end":{"line":109,"column":null}},"23":{"start":{"line":110,"column":18},"end":{"line":110,"column":null}},"24":{"start":{"line":112,"column":6},"end":{"line":112,"column":9}},"25":{"start":{"line":114,"column":6},"end":{"line":114,"column":11}},"26":{"start":{"line":117,"column":23},"end":{"line":124,"column":null}},"27":{"start":{"line":118,"column":24},"end":{"line":118,"column":null}},"28":{"start":{"line":119,"column":18},"end":{"line":119,"column":null}},"29":{"start":{"line":121,"column":6},"end":{"line":121,"column":9}},"30":{"start":{"line":123,"column":6},"end":{"line":123,"column":11}},"31":{"start":{"line":126,"column":23},"end":{"line":133,"column":null}},"32":{"start":{"line":127,"column":24},"end":{"line":127,"column":null}},"33":{"start":{"line":128,"column":18},"end":{"line":128,"column":null}},"34":{"start":{"line":130,"column":6},"end":{"line":130,"column":9}},"35":{"start":{"line":132,"column":6},"end":{"line":132,"column":11}},"36":{"start":{"line":135,"column":22},"end":{"line":145,"column":null}},"37":{"start":{"line":136,"column":6},"end":{"line":136,"column":null}},"38":{"start":{"line":136,"column":23},"end":{"line":136,"column":null}},"39":{"start":{"line":138,"column":24},"end":{"line":138,"column":null}},"40":{"start":{"line":139,"column":18},"end":{"line":139,"column":null}},"41":{"start":{"line":141,"column":19},"end":{"line":141,"column":22}},"42":{"start":{"line":142,"column":6},"end":{"line":142,"column":9}},"43":{"start":{"line":144,"column":6},"end":{"line":144,"column":11}},"44":{"start":{"line":147,"column":24},"end":{"line":157,"column":null}},"45":{"start":{"line":148,"column":24},"end":{"line":148,"column":null}},"46":{"start":{"line":149,"column":18},"end":{"line":149,"column":null}},"47":{"start":{"line":151,"column":6},"end":{"line":151,"column":null}},"48":{"start":{"line":151,"column":36},"end":{"line":151,"column":null}},"49":{"start":{"line":153,"column":19},"end":{"line":153,"column":22}},"50":{"start":{"line":154,"column":6},"end":{"line":154,"column":9}},"51":{"start":{"line":156,"column":6},"end":{"line":156,"column":11}},"52":{"start":{"line":159,"column":4},"end":{"line":159,"column":11}},"53":{"start":{"line":161,"column":44},"end":{"line":161,"column":null}},"54":{"start":{"line":163,"column":25},"end":{"line":163,"column":null}},"55":{"start":{"line":165,"column":26},"end":{"line":165,"column":31}},"56":{"start":{"line":167,"column":23},"end":{"line":167,"column":null}},"57":{"start":{"line":169,"column":6},"end":{"line":215,"column":null}},"58":{"start":{"line":170,"column":32},"end":{"line":170,"column":null}},"59":{"start":{"line":171,"column":20},"end":{"line":171,"column":null}},"60":{"start":{"line":172,"column":8},"end":{"line":172,"column":15}},"61":{"start":{"line":172,"column":25},"end":{"line":172,"column":26}},"62":{"start":{"line":178,"column":29},"end":{"line":178,"column":51}},"63":{"start":{"line":181,"column":13},"end":{"line":215,"column":null}},"64":{"start":{"line":182,"column":20},"end":{"line":182,"column":null}},"65":{"start":{"line":183,"column":8},"end":{"line":183,"column":15}},"66":{"start":{"line":183,"column":23},"end":{"line":183,"column":24}},"67":{"start":{"line":196,"column":31},"end":{"line":196,"column":53}},"68":{"start":{"line":201,"column":29},"end":{"line":201,"column":null}},"69":{"start":{"line":203,"column":24},"end":{"line":203,"column":35}},"70":{"start":{"line":203,"column":53},"end":{"line":203,"column":null}},"71":{"start":{"line":208,"column":8},"end":{"line":208,"column":null}}},"fnMap":{"0":{"name":"(anonymous_0)","decl":{"start":{"line":52,"column":2},"end":{"line":52,"column":7}},"loc":{"start":{"line":52,"column":24},"end":{"line":83,"column":null}}},"1":{"name":"(anonymous_1)","decl":{"start":{"line":55,"column":22},"end":{"line":55,"column":28}},"loc":{"start":{"line":55,"column":28},"end":{"line":55,"column":33}}},"2":{"name":"(anonymous_2)","decl":{"start":{"line":56,"column":22},"end":{"line":56,"column":28}},"loc":{"start":{"line":56,"column":28},"end":{"line":56,"column":33}}},"3":{"name":"(anonymous_3)","decl":{"start":{"line":57,"column":21},"end":{"line":57,"column":27}},"loc":{"start":{"line":57,"column":27},"end":{"line":57,"column":32}}},"4":{"name":"(anonymous_4)","decl":{"start":{"line":58,"column":23},"end":{"line":58,"column":29}},"loc":{"start":{"line":58,"column":29},"end":{"line":58,"column":34}}},"5":{"name":"(anonymous_5)","decl":{"start":{"line":60,"column":11},"end":{"line":60,"column":16}},"loc":{"start":{"line":60,"column":16},"end":{"line":82,"column":null}}},"6":{"name":"(anonymous_6)","decl":{"start":{"line":105,"column":2},"end":{"line":105,"column":7}},"loc":{"start":{"line":105,"column":13},"end":{"line":217,"column":null}}},"7":{"name":"(anonymous_7)","decl":{"start":{"line":108,"column":34},"end":{"line":108,"column":35}},"loc":{"start":{"line":108,"column":60},"end":{"line":115,"column":null}}},"8":{"name":"(anonymous_8)","decl":{"start":{"line":117,"column":23},"end":{"line":117,"column":40}},"loc":{"start":{"line":117,"column":40},"end":{"line":124,"column":null}}},"9":{"name":"(anonymous_9)","decl":{"start":{"line":126,"column":23},"end":{"line":126,"column":40}},"loc":{"start":{"line":126,"column":40},"end":{"line":133,"column":null}}},"10":{"name":"(anonymous_10)","decl":{"start":{"line":135,"column":22},"end":{"line":135,"column":39}},"loc":{"start":{"line":135,"column":39},"end":{"line":145,"column":null}}},"11":{"name":"(anonymous_11)","decl":{"start":{"line":147,"column":24},"end":{"line":147,"column":41}},"loc":{"start":{"line":147,"column":41},"end":{"line":157,"column":null}}},"12":{"name":"(anonymous_12)","decl":{"start":{"line":159,"column":11},"end":{"line":159,"column":16}},"loc":{"start":{"line":159,"column":16},"end":{"line":216,"column":null}}},"13":{"name":"(anonymous_13)","decl":{"start":{"line":172,"column":25},"end":{"line":172,"column":26}},"loc":{"start":{"line":172,"column":25},"end":{"line":172,"column":26}}},"14":{"name":"(anonymous_14)","decl":{"start":{"line":178,"column":23},"end":{"line":178,"column":29}},"loc":{"start":{"line":178,"column":29},"end":{"line":178,"column":51}}},"15":{"name":"(anonymous_15)","decl":{"start":{"line":183,"column":23},"end":{"line":183,"column":24}},"loc":{"start":{"line":183,"column":23},"end":{"line":183,"column":24}}},"16":{"name":"(anonymous_17)","decl":{"start":{"line":196,"column":25},"end":{"line":196,"column":31}},"loc":{"start":{"line":196,"column":31},"end":{"line":196,"column":53}}},"17":{"name":"(anonymous_18)","decl":{"start":{"line":203,"column":41},"end":{"line":203,"column":53}},"loc":{"start":{"line":203,"column":53},"end":{"line":203,"column":null}}}},"branchMap":{"0":{"loc":{"start":{"line":79,"column":40},"end":{"line":79,"column":57}},"type":"binary-expr","locations":[{"start":{"line":79,"column":40},"end":{"line":79,"column":57}},{"start":{"line":79,"column":57},"end":{"line":79,"column":62}}]},"1":{"loc":{"start":{"line":110,"column":41},"end":{"line":110,"column":49}},"type":"cond-expr","locations":[{"start":{"line":110,"column":41},"end":{"line":110,"column":49}},{"start":{"line":110,"column":49},"end":{"line":110,"column":null}}]},"2":{"loc":{"start":{"line":119,"column":41},"end":{"line":119,"column":49}},"type":"cond-expr","locations":[{"start":{"line":119,"column":41},"end":{"line":119,"column":49}},{"start":{"line":119,"column":49},"end":{"line":119,"column":null}}]},"3":{"loc":{"start":{"line":128,"column":41},"end":{"line":128,"column":49}},"type":"cond-expr","locations":[{"start":{"line":128,"column":41},"end":{"line":128,"column":49}},{"start":{"line":128,"column":49},"end":{"line":128,"column":null}}]},"4":{"loc":{"start":{"line":136,"column":6},"end":{"line":136,"column":null}},"type":"if","locations":[{"start":{"line":136,"column":6},"end":{"line":136,"column":null}},{"start":{"line":136,"column":6},"end":{"line":136,"column":null}}]},"5":{"loc":{"start":{"line":139,"column":41},"end":{"line":139,"column":49}},"type":"cond-expr","locations":[{"start":{"line":139,"column":41},"end":{"line":139,"column":49}},{"start":{"line":139,"column":49},"end":{"line":139,"column":null}}]},"6":{"loc":{"start":{"line":149,"column":41},"end":{"line":149,"column":49}},"type":"cond-expr","locations":[{"start":{"line":149,"column":41},"end":{"line":149,"column":49}},{"start":{"line":149,"column":49},"end":{"line":149,"column":null}}]},"7":{"loc":{"start":{"line":151,"column":6},"end":{"line":151,"column":null}},"type":"if","locations":[{"start":{"line":151,"column":6},"end":{"line":151,"column":null}},{"start":{"line":151,"column":6},"end":{"line":151,"column":null}}]},"8":{"loc":{"start":{"line":167,"column":23},"end":{"line":167,"column":40}},"type":"binary-expr","locations":[{"start":{"line":167,"column":23},"end":{"line":167,"column":40}},{"start":{"line":167,"column":40},"end":{"line":167,"column":null}}]},"9":{"loc":{"start":{"line":169,"column":6},"end":{"line":215,"column":null}},"type":"if","locations":[{"start":{"line":169,"column":6},"end":{"line":215,"column":null}},{"start":{"line":169,"column":6},"end":{"line":215,"column":null}}]},"10":{"loc":{"start":{"line":171,"column":43},"end":{"line":171,"column":51}},"type":"cond-expr","locations":[{"start":{"line":171,"column":43},"end":{"line":171,"column":51}},{"start":{"line":171,"column":51},"end":{"line":171,"column":null}}]},"11":{"loc":{"start":{"line":181,"column":13},"end":{"line":215,"column":null}},"type":"if","locations":[{"start":{"line":181,"column":13},"end":{"line":215,"column":null}},{"start":{"line":181,"column":13},"end":{"line":215,"column":null}}]},"12":{"loc":{"start":{"line":182,"column":43},"end":{"line":182,"column":51}},"type":"cond-expr","locations":[{"start":{"line":182,"column":43},"end":{"line":182,"column":51}},{"start":{"line":182,"column":51},"end":{"line":182,"column":null}}]}},"s":{"0":2,"1":2,"2":2,"3":2,"4":2,"5":2,"6":2,"7":0,"8":0,"9":0,"10":0,"11":0,"12":0,"13":0,"14":0,"15":0,"16":0,"17":0,"18":0,"19":2,"20":0,"21":0,"22":0,"23":0,"24":0,"25":0,"26":0,"27":0,"28":0,"29":0,"30":0,"31":0,"32":0,"33":0,"34":0,"35":0,"36":0,"37":0,"38":0,"39":0,"40":0,"41":0,"42":0,"43":0,"44":0,"45":0,"46":0,"47":0,"48":0,"49":0,"50":0,"51":0,"52":0,"53":0,"54":0,"55":0,"56":0,"57":0,"58":0,"59":0,"60":0,"61":0,"62":0,"63":0,"64":0,"65":0,"66":0,"67":0,"68":0,"69":0,"70":0,"71":0},"f":{"0":0,"1":0,"2":0,"3":0,"4":0,"5":0,"6":0,"7":0,"8":0,"9":0,"10":0,"11":0,"12":0,"13":0,"14":0,"15":0,"16":0,"17":0},"b":{"0":[0,0],"1":[0,0],"2":[0,0],"3":[0,0],"4":[0,0],"5":[0,0],"6":[0,0],"7":[0,0],"8":[0,0],"9":[0,0],"10":[0,0],"11":[0,0],"12":[0,0]}}
,"F:/workspace/wwForm/lib/fields/NumberField.vue": {"path":"F:/workspace/wwForm/lib/fields/NumberField.vue","statementMap":{"0":{"start":{"line":7,"column":0},"end":{"line":7,"column":null}},"1":{"start":{"line":11,"column":14},"end":{"line":11,"column":20}},"2":{"start":{"line":13,"column":21},"end":{"line":15,"column":null}},"3":{"start":{"line":14,"column":2},"end":{"line":14,"column":7}}},"fnMap":{"0":{"name":"(anonymous_1)","decl":{"start":{"line":13,"column":21},"end":{"line":13,"column":22}},"loc":{"start":{"line":13,"column":30},"end":{"line":15,"column":null}}}},"branchMap":{},"s":{"0":2,"1":4,"2":4,"3":2},"f":{"0":2},"b":{}}
,"F:\\workspace\\wwForm\\lib\\fields\\ObjectField.tsx": {"path":"F:\\workspace\\wwForm\\lib\\fields\\ObjectField.tsx","statementMap":{"0":{"start":{"line":1,"column":0},"end":{"line":1,"column":null}},"1":{"start":{"line":3,"column":0},"end":{"line":3,"column":null}},"2":{"start":{"line":4,"column":0},"end":{"line":4,"column":null}},"3":{"start":{"line":5,"column":0},"end":{"line":5,"column":null}},"4":{"start":{"line":7,"column":15},"end":{"line":7,"column":31}},"5":{"start":{"line":11,"column":20},"end":{"line":11,"column":null}},"6":{"start":{"line":13,"column":36},"end":{"line":23,"column":null}},"7":{"start":{"line":14,"column":25},"end":{"line":14,"column":null}},"8":{"start":{"line":16,"column":6},"end":{"line":20,"column":null}},"9":{"start":{"line":17,"column":8},"end":{"line":17,"column":15}},"10":{"start":{"line":19,"column":8},"end":{"line":19,"column":13}},"11":{"start":{"line":22,"column":6},"end":{"line":22,"column":11}},"12":{"start":{"line":25,"column":4},"end":{"line":25,"column":11}},"13":{"start":{"line":26,"column":44},"end":{"line":26,"column":null}},"14":{"start":{"line":28,"column":25},"end":{"line":28,"column":null}},"15":{"start":{"line":30,"column":29},"end":{"line":30,"column":null}},"16":{"start":{"line":32,"column":32},"end":{"line":32,"column":null}},"17":{"start":{"line":34,"column":6},"end":{"line":34,"column":13}},"18":{"start":{"line":34,"column":41},"end":{"line":34,"column":42}},"19":{"start":{"line":40,"column":32},"end":{"line":40,"column":56}}},"fnMap":{"0":{"name":"(anonymous_0)","decl":{"start":{"line":10,"column":2},"end":{"line":10,"column":7}},"loc":{"start":{"line":10,"column":13},"end":{"line":44,"column":null}}},"1":{"name":"(anonymous_1)","decl":{"start":{"line":13,"column":36},"end":{"line":13,"column":37}},"loc":{"start":{"line":13,"column":58},"end":{"line":23,"column":null}}},"2":{"name":"(anonymous_2)","decl":{"start":{"line":25,"column":11},"end":{"line":25,"column":16}},"loc":{"start":{"line":25,"column":16},"end":{"line":43,"column":null}}},"3":{"name":"(anonymous_3)","decl":{"start":{"line":34,"column":41},"end":{"line":34,"column":42}},"loc":{"start":{"line":34,"column":41},"end":{"line":34,"column":42}}},"4":{"name":"(anonymous_4)","decl":{"start":{"line":40,"column":21},"end":{"line":40,"column":32}},"loc":{"start":{"line":40,"column":32},"end":{"line":40,"column":56}}}},"branchMap":{"0":{"loc":{"start":{"line":14,"column":49},"end":{"line":14,"column":63}},"type":"cond-expr","locations":[{"start":{"line":14,"column":49},"end":{"line":14,"column":63}},{"start":{"line":14,"column":63},"end":{"line":14,"column":null}}]},"1":{"loc":{"start":{"line":16,"column":6},"end":{"line":20,"column":null}},"type":"if","locations":[{"start":{"line":16,"column":6},"end":{"line":20,"column":null}},{"start":{"line":16,"column":6},"end":{"line":20,"column":null}}]},"2":{"loc":{"start":{"line":28,"column":25},"end":{"line":28,"column":46}},"type":"binary-expr","locations":[{"start":{"line":28,"column":25},"end":{"line":28,"column":46}},{"start":{"line":28,"column":46},"end":{"line":28,"column":null}}]},"3":{"loc":{"start":{"line":32,"column":50},"end":{"line":32,"column":58}},"type":"cond-expr","locations":[{"start":{"line":32,"column":50},"end":{"line":32,"column":58}},{"start":{"line":32,"column":58},"end":{"line":32,"column":null}}]}},"s":{"0":2,"1":2,"2":2,"3":2,"4":2,"5":3,"6":3,"7":3,"8":3,"9":1,"10":2,"11":3,"12":3,"13":3,"14":3,"15":3,"16":3,"17":3,"18":6,"19":3},"f":{"0":3,"1":3,"2":3,"3":6,"4":3},"b":{"0":[0,3],"1":[1,2],"2":[3,0],"3":[1,2]}}
,"F:/workspace/wwForm/lib/fields/StringField.vue": {"path":"F:/workspace/wwForm/lib/fields/StringField.vue","statementMap":{"0":{"start":{"line":8,"column":0},"end":{"line":8,"column":null}},"1":{"start":{"line":12,"column":14},"end":{"line":12,"column":20}},"2":{"start":{"line":14,"column":21},"end":{"line":16,"column":null}},"3":{"start":{"line":15,"column":2},"end":{"line":15,"column":7}}},"fnMap":{"0":{"name":"(anonymous_1)","decl":{"start":{"line":14,"column":21},"end":{"line":14,"column":22}},"loc":{"start":{"line":14,"column":30},"end":{"line":16,"column":null}}}},"branchMap":{},"s":{"0":2,"1":3,"2":3,"3":0},"f":{"0":0},"b":{}}
,"F:\\workspace\\wwForm\\lib\\widgets\\Selection.tsx": {"path":"F:\\workspace\\wwForm\\lib\\widgets\\Selection.tsx","statementMap":{"0":{"start":{"line":1,"column":0},"end":{"line":1,"column":null}},"1":{"start":{"line":3,"column":15},"end":{"line":3,"column":31}},"2":{"start":{"line":22,"column":28},"end":{"line":22,"column":32}},"3":{"start":{"line":24,"column":4},"end":{"line":24,"column":10}},"4":{"start":{"line":25,"column":6},"end":{"line":27,"column":null}},"5":{"start":{"line":26,"column":8},"end":{"line":26,"column":13}},"6":{"start":{"line":30,"column":4},"end":{"line":30,"column":null}},"7":{"start":{"line":31,"column":12},"end":{"line":31,"column":null}},"8":{"start":{"line":33,"column":8},"end":{"line":35,"column":null}},"9":{"start":{"line":34,"column":10},"end":{"line":34,"column":25}},"10":{"start":{"line":39,"column":4},"end":{"line":39,"column":16}},"11":{"start":{"line":40,"column":6},"end":{"line":40,"column":13}},"12":{"start":{"line":43,"column":4},"end":{"line":43,"column":11}},"13":{"start":{"line":44,"column":26},"end":{"line":44,"column":null}},"14":{"start":{"line":46,"column":6},"end":{"line":46,"column":null}},"15":{"start":{"line":47,"column":34},"end":{"line":46,"column":null}},"16":{"start":{"line":48,"column":23},"end":{"line":48,"column":24}}},"fnMap":{"0":{"name":"(anonymous_0)","decl":{"start":{"line":21,"column":2},"end":{"line":21,"column":7}},"loc":{"start":{"line":21,"column":13},"end":{"line":56,"column":null}}},"1":{"name":"(anonymous_1)","decl":{"start":{"line":24,"column":27},"end":{"line":24,"column":28}},"loc":{"start":{"line":24,"column":42},"end":{"line":28,"column":null}}},"2":{"name":"(anonymous_2)","decl":{"start":{"line":31,"column":6},"end":{"line":31,"column":12}},"loc":{"start":{"line":31,"column":12},"end":{"line":31,"column":null}}},"3":{"name":"(anonymous_3)","decl":{"start":{"line":32,"column":7},"end":{"line":32,"column":15}},"loc":{"start":{"line":32,"column":15},"end":{"line":36,"column":null}}},"4":{"name":"(anonymous_4)","decl":{"start":{"line":39,"column":16},"end":{"line":39,"column":21}},"loc":{"start":{"line":39,"column":21},"end":{"line":41,"column":null}}},"5":{"name":"(anonymous_5)","decl":{"start":{"line":43,"column":11},"end":{"line":43,"column":16}},"loc":{"start":{"line":43,"column":16},"end":{"line":55,"column":null}}},"6":{"name":"(anonymous_6)","decl":{"start":{"line":46,"column":6},"end":{"line":46,"column":null}},"loc":{"start":{"line":47,"column":34},"end":{"line":46,"column":null}}},"7":{"name":"(anonymous_7)","decl":{"start":{"line":48,"column":23},"end":{"line":48,"column":24}},"loc":{"start":{"line":48,"column":23},"end":{"line":48,"column":24}}}},"branchMap":{"0":{"loc":{"start":{"line":25,"column":6},"end":{"line":27,"column":null}},"type":"if","locations":[{"start":{"line":25,"column":6},"end":{"line":27,"column":null}},{"start":{"line":25,"column":6},"end":{"line":27,"column":null}}]},"1":{"loc":{"start":{"line":33,"column":8},"end":{"line":35,"column":null}},"type":"if","locations":[{"start":{"line":33,"column":8},"end":{"line":35,"column":null}},{"start":{"line":33,"column":8},"end":{"line":35,"column":null}}]}},"s":{"0":2,"1":2,"2":0,"3":0,"4":0,"5":0,"6":0,"7":0,"8":0,"9":0,"10":0,"11":0,"12":0,"13":0,"14":0,"15":0,"16":0},"f":{"0":0,"1":0,"2":0,"3":0,"4":0,"5":0,"6":0,"7":0},"b":{"0":[0,0],"1":[0,0]}}
}
