TN:
SF:F:\workspace\wwForm\lib\SchemaForm.tsx
FN:22,(anonymous_0)
FN:23,(anonymous_1)
FN:33,(anonymous_2)
FNF:3
FNH:3
FNDA:4,(anonymous_0)
FNDA:5,(anonymous_1)
FNDA:4,(anonymous_2)
DA:1,2
DA:3,2
DA:5,2
DA:7,2
DA:23,4
DA:24,5
DA:27,4
DA:31,4
DA:33,4
DA:34,4
DA:36,4
LF:11
LH:11
BRF:0
BRH:0
end_of_record
TN:
SF:F:\workspace\wwForm\lib\SchemaItem.tsx
FN:13,(anonymous_0)
FN:14,(anonymous_1)
FN:20,(anonymous_2)
FNF:3
FNH:3
FNDA:10,(anonymous_0)
FNDA:10,(anonymous_1)
FNDA:10,(anonymous_2)
DA:1,2
DA:3,2
DA:4,2
DA:5,2
DA:6,2
DA:7,2
DA:8,2
DA:10,2
DA:14,10
DA:15,10
DA:17,10
DA:20,10
DA:21,10
DA:23,10
DA:27,10
DA:29,3
DA:30,3
DA:33,4
DA:34,4
DA:37,3
DA:38,3
DA:41,0
DA:42,0
DA:45,0
DA:46,0
DA:49,10
LF:26
LH:22
BRDA:28,0,0,3
BRDA:28,0,1,4
BRDA:28,0,2,3
BRDA:28,0,3,0
BRDA:28,0,4,0
BRF:5
BRH:3
end_of_record
TN:
SF:F:\workspace\wwForm\lib\context.ts
FN:7,(anonymous_0)
FNF:1
FNH:1
FNDA:3,(anonymous_0)
DA:1,2
DA:5,2
DA:7,2
DA:9,3
DA:11,3
DA:12,0
DA:15,3
LF:7
LH:6
BRDA:11,0,0,0
BRDA:11,0,1,3
BRF:2
BRH:1
end_of_record
TN:
SF:F:\workspace\wwForm\lib\index.ts
FNF:0
FNH:0
DA:1,2
DA:2,2
DA:3,2
DA:5,2
LF:4
LH:4
BRF:0
BRH:0
end_of_record
TN:
SF:F:\workspace\wwForm\lib\types.ts
FN:2,(anonymous_0)
FNF:1
FNH:1
FNDA:2,(anonymous_0)
DA:1,2
DA:2,2
DA:3,2
DA:4,2
DA:5,2
DA:6,2
DA:7,2
DA:8,2
DA:50,2
DA:69,2
LF:10
LH:10
BRDA:2,0,0,2
BRDA:2,0,1,2
BRF:2
BRH:2
end_of_record
TN:
SF:F:\workspace\wwForm\lib\utils.ts
FN:9,isObject
FN:13,isEmptyObject
FN:17,hasOwnProperty
FN:30,validateData
FN:40,resolveSchema
FN:49,(anonymous_5)
FN:59,retrieveSchema
FN:99,stubExistingAdditionalProperties
FN:110,(anonymous_8)
FN:151,resolveReference
FN:164,findSchemaDefinition
FN:183,resolveDependencies
FN:208,processDependencies
FN:250,withDependentProperties
FN:260,withDependentSchema
FN:281,(anonymous_15)
FN:295,withExactlyOneSubschema
FN:302,(anonymous_17)
FN:342,mergeSchemas
FN:344,(anonymous_19)
FN:376,getSchemaType
FN:393,(anonymous_21)
FN:425,guessType
FN:443,isConstant
FN:450,isSelect
FN:456,(anonymous_25)
FN:461,isMultiSelect
FN:469,getMatchingOption
FN:488,(anonymous_28)
FN:528,mergeDefaultsWithFormData
FN:533,(anonymous_30)
FN:541,(anonymous_31)
FN:553,getDefaultFormState
FNF:33
FNH:4
FNDA:16,isObject
FNDA:0,isEmptyObject
FNDA:30,hasOwnProperty
FNDA:0,validateData
FNDA:10,resolveSchema
FNDA:0,(anonymous_5)
FNDA:10,retrieveSchema
FNDA:0,stubExistingAdditionalProperties
FNDA:0,(anonymous_8)
FNDA:0,resolveReference
FNDA:0,findSchemaDefinition
FNDA:0,resolveDependencies
FNDA:0,processDependencies
FNDA:0,withDependentProperties
FNDA:0,withDependentSchema
FNDA:0,(anonymous_15)
FNDA:0,withExactlyOneSubschema
FNDA:0,(anonymous_17)
FNDA:0,mergeSchemas
FNDA:0,(anonymous_19)
FNDA:0,getSchemaType
FNDA:0,(anonymous_21)
FNDA:0,guessType
FNDA:0,isConstant
FNDA:0,isSelect
FNDA:0,(anonymous_25)
FNDA:0,isMultiSelect
FNDA:0,getMatchingOption
FNDA:0,(anonymous_28)
FNDA:0,mergeDefaultsWithFormData
FNDA:0,(anonymous_30)
FNDA:0,(anonymous_31)
FNDA:0,getDefaultFormState
DA:1,2
DA:5,2
DA:6,2
DA:7,2
DA:10,16
DA:14,0
DA:22,30
DA:29,2
DA:31,0
DA:32,0
DA:41,10
DA:42,0
DA:43,10
DA:44,0
DA:45,0
DA:46,10
DA:47,0
DA:50,0
DA:55,10
DA:64,10
DA:65,0
DA:67,10
DA:70,10
DA:71,0
DA:72,0
DA:78,0
DA:79,0
DA:80,0
DA:84,10
DA:86,10
DA:88,0
DA:94,10
DA:97,2
DA:105,0
DA:110,0
DA:111,0
DA:113,0
DA:117,0
DA:118,0
DA:123,0
DA:124,0
DA:126,0
DA:130,0
DA:132,0
DA:135,0
DA:153,0
DA:155,0
DA:157,0
DA:165,0
DA:166,0
DA:168,0
DA:170,0
DA:172,0
DA:173,0
DA:174,0
DA:176,0
DA:178,0
DA:180,0
DA:189,0
DA:190,0
DA:191,0
DA:195,0
DA:196,0
DA:201,0
DA:215,0
DA:217,0
DA:218,0
DA:221,0
DA:225,0
DA:228,0
DA:229,0
DA:230,0
DA:231,0
DA:232,0
DA:240,0
DA:247,0
DA:251,0
DA:252,0
DA:254,0
DA:257,0
DA:268,0
DA:273,0
DA:275,0
DA:276,0
DA:277,0
DA:278,0
DA:281,0
DA:282,0
DA:286,0
DA:302,0
DA:303,0
DA:304,0
DA:306,0
DA:307,0
DA:308,0
DA:315,0
DA:316,0
DA:319,0
DA:320,0
DA:323,0
DA:326,0
DA:328,0
DA:329,0
DA:330,0
DA:343,0
DA:344,0
DA:345,0
DA:346,0
DA:347,0
DA:348,0
DA:349,0
DA:359,0
DA:361,0
DA:363,0
DA:377,0
DA:379,0
DA:380,0
DA:383,0
DA:384,0
DA:387,0
DA:388,0
DA:391,0
DA:392,0
DA:393,0
DA:396,0
DA:425,2
DA:426,0
DA:427,0
DA:428,0
DA:429,0
DA:430,0
DA:431,0
DA:432,0
DA:433,0
DA:434,0
DA:435,0
DA:436,0
DA:437,0
DA:440,0
DA:444,0
DA:451,0
DA:452,0
DA:453,0
DA:454,0
DA:455,0
DA:456,0
DA:458,0
DA:462,0
DA:463,0
DA:465,0
DA:474,0
DA:475,0
DA:484,0
DA:487,0
DA:488,0
DA:496,0
DA:498,0
DA:500,0
DA:501,0
DA:504,0
DA:507,0
DA:509,0
DA:511,0
DA:516,0
DA:518,0
DA:519,0
DA:521,0
DA:522,0
DA:525,0
DA:529,0
DA:530,0
DA:531,0
DA:533,0
DA:534,0
DA:535,0
DA:537,0
DA:539,0
DA:540,0
DA:541,0
DA:542,0
DA:546,0
DA:549,0
DA:559,0
DA:560,0
DA:563,0
DA:572,0
DA:574,0
DA:576,0
DA:577,0
DA:579,0
DA:580,0
DA:582,0
LF:192
LH:19
BRDA:10,0,0,16
BRDA:10,0,1,11
BRDA:10,0,2,11
BRDA:14,1,0,0
BRDA:14,1,1,0
BRDA:40,2,0,0
BRDA:40,3,0,0
BRDA:41,4,0,0
BRDA:41,4,1,10
BRDA:43,5,0,0
BRDA:43,5,1,10
BRDA:46,6,0,0
BRDA:46,6,1,10
BRDA:46,7,0,10
BRDA:46,7,1,0
BRDA:61,8,0,0
BRDA:62,9,0,8
BRDA:64,10,0,0
BRDA:64,10,1,10
BRDA:70,11,0,0
BRDA:70,11,1,10
BRDA:84,12,0,10
BRDA:84,12,1,0
BRDA:86,13,0,0
BRDA:86,13,1,10
BRDA:101,14,0,0
BRDA:102,15,0,0
BRDA:111,16,0,0
BRDA:111,16,1,0
BRDA:117,17,0,0
BRDA:117,17,1,0
BRDA:123,18,0,0
BRDA:123,18,1,0
BRDA:164,19,0,0
BRDA:166,20,0,0
BRDA:166,20,1,0
BRDA:173,21,0,0
BRDA:173,21,1,0
BRDA:176,22,0,0
BRDA:176,22,1,0
BRDA:189,23,0,0
BRDA:190,24,0,0
BRDA:190,24,1,0
BRDA:195,25,0,0
BRDA:195,25,1,0
BRDA:217,26,0,0
BRDA:217,26,1,0
BRDA:221,27,0,0
BRDA:221,27,1,0
BRDA:222,28,0,0
BRDA:222,28,1,0
BRDA:229,29,0,0
BRDA:229,29,1,0
BRDA:231,30,0,0
BRDA:231,30,1,0
BRDA:251,31,0,0
BRDA:251,31,1,0
BRDA:255,32,0,0
BRDA:255,32,1,0
BRDA:275,33,0,0
BRDA:275,33,1,0
BRDA:277,34,0,0
BRDA:277,34,1,0
BRDA:283,35,0,0
BRDA:283,35,1,0
BRDA:303,36,0,0
BRDA:303,36,1,0
BRDA:307,37,0,0
BRDA:307,37,1,0
BRDA:316,38,0,0
BRDA:316,38,1,0
BRDA:319,39,0,0
BRDA:319,39,1,0
BRDA:345,40,0,0
BRDA:345,40,1,0
BRDA:347,41,0,0
BRDA:347,41,1,0
BRDA:347,42,0,0
BRDA:347,42,1,0
BRDA:347,42,2,0
BRDA:349,43,0,0
BRDA:349,43,1,0
BRDA:350,44,0,0
BRDA:350,44,1,0
BRDA:350,44,2,0
BRDA:350,44,3,0
BRDA:350,44,4,0
BRDA:350,44,5,0
BRDA:350,44,6,0
BRDA:379,45,0,0
BRDA:379,45,1,0
BRDA:379,46,0,0
BRDA:379,46,1,0
BRDA:383,47,0,0
BRDA:383,47,1,0
BRDA:383,48,0,0
BRDA:383,48,1,0
BRDA:387,49,0,0
BRDA:387,49,1,0
BRDA:387,50,0,0
BRDA:387,50,1,0
BRDA:387,50,2,0
BRDA:392,51,0,0
BRDA:392,51,1,0
BRDA:392,52,0,0
BRDA:392,52,1,0
BRDA:392,52,2,0
BRDA:426,53,0,0
BRDA:426,53,1,0
BRDA:428,54,0,0
BRDA:428,54,1,0
BRDA:430,55,0,0
BRDA:430,55,1,0
BRDA:432,56,0,0
BRDA:432,56,1,0
BRDA:434,57,0,0
BRDA:434,57,1,0
BRDA:436,58,0,0
BRDA:436,58,1,0
BRDA:445,59,0,0
BRDA:445,59,1,0
BRDA:445,59,2,0
BRDA:450,60,0,0
BRDA:452,61,0,0
BRDA:452,61,1,0
BRDA:453,62,0,0
BRDA:453,62,1,0
BRDA:455,63,0,0
BRDA:455,63,1,0
BRDA:461,64,0,0
BRDA:462,65,0,0
BRDA:462,65,1,0
BRDA:462,66,0,0
BRDA:462,66,1,0
BRDA:484,67,0,0
BRDA:484,67,1,0
BRDA:496,68,0,0
BRDA:496,68,1,0
BRDA:500,69,0,0
BRDA:500,69,1,0
BRDA:518,70,0,0
BRDA:518,70,1,0
BRDA:521,71,0,0
BRDA:521,71,1,0
BRDA:529,72,0,0
BRDA:529,72,1,0
BRDA:530,73,0,0
BRDA:530,73,1,0
BRDA:534,74,0,0
BRDA:534,74,1,0
BRDA:539,75,0,0
BRDA:539,75,1,0
BRDA:543,76,0,0
BRDA:543,76,1,0
BRDA:559,77,0,0
BRDA:559,77,1,0
BRDA:572,78,0,0
BRDA:572,78,1,0
BRDA:576,79,0,0
BRDA:576,79,1,0
BRDA:576,80,0,0
BRDA:576,80,1,0
BRDA:579,81,0,0
BRDA:579,81,1,0
BRDA:579,82,0,0
BRDA:579,82,1,0
BRDA:579,82,2,0
BRDA:582,83,0,0
BRDA:582,83,1,0
BRF:169
BRH:12
end_of_record
TN:
SF:F:\workspace\wwForm\lib\fields\ArrayField.tsx
FN:52,(anonymous_0)
FN:55,(anonymous_1)
FN:56,(anonymous_2)
FN:57,(anonymous_3)
FN:58,(anonymous_4)
FN:60,(anonymous_5)
FN:105,(anonymous_6)
FN:108,(anonymous_7)
FN:117,(anonymous_8)
FN:126,(anonymous_9)
FN:135,(anonymous_10)
FN:147,(anonymous_11)
FN:159,(anonymous_12)
FN:172,(anonymous_13)
FN:178,(anonymous_14)
FN:183,(anonymous_15)
FN:196,(anonymous_17)
FN:203,(anonymous_18)
FNF:18
FNH:0
FNDA:0,(anonymous_0)
FNDA:0,(anonymous_1)
FNDA:0,(anonymous_2)
FNDA:0,(anonymous_3)
FNDA:0,(anonymous_4)
FNDA:0,(anonymous_5)
FNDA:0,(anonymous_6)
FNDA:0,(anonymous_7)
FNDA:0,(anonymous_8)
FNDA:0,(anonymous_9)
FNDA:0,(anonymous_10)
FNDA:0,(anonymous_11)
FNDA:0,(anonymous_12)
FNDA:0,(anonymous_13)
FNDA:0,(anonymous_14)
FNDA:0,(anonymous_15)
FNDA:0,(anonymous_17)
FNDA:0,(anonymous_18)
DA:1,2
DA:2,2
DA:4,2
DA:5,2
DA:6,2
DA:8,2
DA:28,2
DA:53,0
DA:55,0
DA:56,0
DA:57,0
DA:58,0
DA:60,0
DA:61,0
DA:63,0
DA:102,2
DA:106,0
DA:108,0
DA:109,0
DA:110,0
DA:112,0
DA:114,0
DA:117,0
DA:118,0
DA:119,0
DA:121,0
DA:123,0
DA:126,0
DA:127,0
DA:128,0
DA:130,0
DA:132,0
DA:135,0
DA:136,0
DA:138,0
DA:139,0
DA:141,0
DA:142,0
DA:144,0
DA:147,0
DA:148,0
DA:149,0
DA:151,0
DA:153,0
DA:154,0
DA:156,0
DA:159,0
DA:161,0
DA:163,0
DA:165,0
DA:167,0
DA:169,0
DA:170,0
DA:171,0
DA:172,0
DA:178,0
DA:181,0
DA:182,0
DA:183,0
DA:196,0
DA:201,0
DA:203,0
DA:208,0
LF:63
LH:8
BRDA:79,0,0,0
BRDA:79,0,1,0
BRDA:110,1,0,0
BRDA:110,1,1,0
BRDA:119,2,0,0
BRDA:119,2,1,0
BRDA:128,3,0,0
BRDA:128,3,1,0
BRDA:136,4,0,0
BRDA:136,4,1,0
BRDA:139,5,0,0
BRDA:139,5,1,0
BRDA:149,6,0,0
BRDA:149,6,1,0
BRDA:151,7,0,0
BRDA:151,7,1,0
BRDA:167,8,0,0
BRDA:167,8,1,0
BRDA:169,9,0,0
BRDA:169,9,1,0
BRDA:171,10,0,0
BRDA:171,10,1,0
BRDA:181,11,0,0
BRDA:181,11,1,0
BRDA:182,12,0,0
BRDA:182,12,1,0
BRF:26
BRH:0
end_of_record
TN:
SF:F:/workspace/wwForm/lib/fields/NumberField.vue
FN:13,(anonymous_1)
FNF:1
FNH:1
FNDA:2,(anonymous_1)
DA:7,2
DA:11,4
DA:13,4
DA:14,2
LF:4
LH:4
BRF:0
BRH:0
end_of_record
TN:
SF:F:\workspace\wwForm\lib\fields\ObjectField.tsx
FN:10,(anonymous_0)
FN:13,(anonymous_1)
FN:25,(anonymous_2)
FN:34,(anonymous_3)
FN:40,(anonymous_4)
FNF:5
FNH:5
FNDA:3,(anonymous_0)
FNDA:3,(anonymous_1)
FNDA:3,(anonymous_2)
FNDA:6,(anonymous_3)
FNDA:3,(anonymous_4)
DA:1,2
DA:3,2
DA:4,2
DA:5,2
DA:7,2
DA:11,3
DA:13,3
DA:14,3
DA:16,3
DA:17,1
DA:19,2
DA:22,3
DA:25,3
DA:26,3
DA:28,3
DA:30,3
DA:32,3
DA:34,6
DA:40,3
LF:19
LH:19
BRDA:14,0,0,0
BRDA:14,0,1,3
BRDA:16,1,0,1
BRDA:16,1,1,2
BRDA:28,2,0,3
BRDA:28,2,1,0
BRDA:32,3,0,1
BRDA:32,3,1,2
BRF:8
BRH:6
end_of_record
TN:
SF:F:/workspace/wwForm/lib/fields/StringField.vue
FN:14,(anonymous_1)
FNF:1
FNH:0
FNDA:0,(anonymous_1)
DA:8,2
DA:12,3
DA:14,3
DA:15,0
LF:4
LH:3
BRF:0
BRH:0
end_of_record
TN:
SF:F:\workspace\wwForm\lib\widgets\Selection.tsx
FN:21,(anonymous_0)
FN:24,(anonymous_1)
FN:31,(anonymous_2)
FN:32,(anonymous_3)
FN:39,(anonymous_4)
FN:43,(anonymous_5)
FN:46,(anonymous_6)
FN:48,(anonymous_7)
FNF:8
FNH:0
FNDA:0,(anonymous_0)
FNDA:0,(anonymous_1)
FNDA:0,(anonymous_2)
FNDA:0,(anonymous_3)
FNDA:0,(anonymous_4)
FNDA:0,(anonymous_5)
FNDA:0,(anonymous_6)
FNDA:0,(anonymous_7)
DA:1,2
DA:3,2
DA:22,0
DA:24,0
DA:25,0
DA:26,0
DA:30,0
DA:31,0
DA:33,0
DA:34,0
DA:39,0
DA:40,0
DA:43,0
DA:44,0
DA:46,0
DA:47,0
DA:48,0
LF:17
LH:2
BRDA:25,0,0,0
BRDA:25,0,1,0
BRDA:33,1,0,0
BRDA:33,1,1,0
BRF:4
BRH:0
end_of_record
